[0.043s] Invoking command in '/home/ubuntu/ros2_rviz_urbot/build/moveit_config_custom_cobot': CMAKE_PREFIX_PATH=${CMAKE_PREFIX_PATH}:/opt/ros/jazzy DEBUGINFOD_URLS=https://debuginfod.ubuntu.com /usr/bin/cmake /home/ubuntu/ros2_rviz_urbot/src/custom_cobot_ros2/moveit_config_custom_cobot -DCMAKE_INSTALL_PREFIX=/home/ubuntu/ros2_rviz_urbot/install/moveit_config_custom_cobot
[0.249s] -- The C compiler identification is GNU 13.3.0
[0.544s] -- The CXX compiler identification is GNU 13.3.0
[0.717s] -- Detecting C compiler ABI info
[1.426s] -- Detecting C compiler ABI info - done
[1.470s] -- Check for working C compiler: /usr/bin/cc - skipped
[1.470s] -- Detecting C compile features
[1.470s] -- Detecting C compile features - done
[1.535s] -- Detecting CXX compiler ABI info
[2.214s] -- Detecting CXX compiler ABI info - done
[2.273s] -- Check for working CXX compiler: /usr/bin/c++ - skipped
[2.273s] -- Detecting CXX compile features
[2.273s] -- Detecting CXX compile features - done
[2.284s] -- Found ament_cmake: 2.5.2 (/opt/ros/jazzy/share/ament_cmake/cmake)
[2.787s] -- Found Python3: /usr/bin/python3 (found version "3.12.3") found components: Interpreter 
[2.986s] -- Found ament_lint_auto: 0.17.1 (/opt/ros/jazzy/share/ament_lint_auto/cmake)
[3.145s] -- Added test 'flake8' to check Python code syntax and style conventions
[3.147s] -- Configured 'flake8' exclude dirs and/or files: 
[3.147s] -- Added test 'lint_cmake' to check CMake code style
[3.147s] -- Added test 'pep257' to check Python code against some of the docstring style conventions in PEP 257
[3.147s] -- Added test 'xmllint' to check XML markup files
[3.153s] -- Configuring done (3.1s)
[3.162s] -- Generating done (0.0s)
[3.162s] -- Build files have been written to: /home/ubuntu/ros2_rviz_urbot/build/moveit_config_custom_cobot
[3.168s] Invoked command in '/home/ubuntu/ros2_rviz_urbot/build/moveit_config_custom_cobot' returned '0': CMAKE_PREFIX_PATH=${CMAKE_PREFIX_PATH}:/opt/ros/jazzy DEBUGINFOD_URLS=https://debuginfod.ubuntu.com /usr/bin/cmake /home/ubuntu/ros2_rviz_urbot/src/custom_cobot_ros2/moveit_config_custom_cobot -DCMAKE_INSTALL_PREFIX=/home/ubuntu/ros2_rviz_urbot/install/moveit_config_custom_cobot
[3.168s] Invoking command in '/home/ubuntu/ros2_rviz_urbot/build/moveit_config_custom_cobot': CMAKE_PREFIX_PATH=${CMAKE_PREFIX_PATH}:/opt/ros/jazzy DEBUGINFOD_URLS=https://debuginfod.ubuntu.com /usr/bin/cmake --build /home/ubuntu/ros2_rviz_urbot/build/moveit_config_custom_cobot -- -j16 -l16
[3.251s] Invoked command in '/home/ubuntu/ros2_rviz_urbot/build/moveit_config_custom_cobot' returned '0': CMAKE_PREFIX_PATH=${CMAKE_PREFIX_PATH}:/opt/ros/jazzy DEBUGINFOD_URLS=https://debuginfod.ubuntu.com /usr/bin/cmake --build /home/ubuntu/ros2_rviz_urbot/build/moveit_config_custom_cobot -- -j16 -l16
[3.263s] Invoking command in '/home/ubuntu/ros2_rviz_urbot/build/moveit_config_custom_cobot': CMAKE_PREFIX_PATH=${CMAKE_PREFIX_PATH}:/opt/ros/jazzy DEBUGINFOD_URLS=https://debuginfod.ubuntu.com /usr/bin/cmake --install /home/ubuntu/ros2_rviz_urbot/build/moveit_config_custom_cobot
[3.264s] -- Install configuration: ""
[3.264s] -- Installing: /home/ubuntu/ros2_rviz_urbot/install/moveit_config_custom_cobot/share/moveit_config_custom_cobot/config
[3.264s] -- Installing: /home/ubuntu/ros2_rviz_urbot/install/moveit_config_custom_cobot/share/moveit_config_custom_cobot/config/custom_cobot_280
[3.264s] -- Installing: /home/ubuntu/ros2_rviz_urbot/install/moveit_config_custom_cobot/share/moveit_config_custom_cobot/config/custom_cobot_280/ros2_controllers_template.yaml
[3.264s] -- Installing: /home/ubuntu/ros2_rviz_urbot/install/moveit_config_custom_cobot/share/moveit_config_custom_cobot/config/custom_cobot_280/ros2_controllers.yaml
[3.264s] -- Installing: /home/ubuntu/ros2_rviz_urbot/install/moveit_config_custom_cobot/share/moveit_config_custom_cobot/launch
[3.343s] -- Installing: /home/ubuntu/ros2_rviz_urbot/install/moveit_config_custom_cobot/share/moveit_config_custom_cobot/launch/load_ros2_controllers.launch.py
[3.344s] -- Installing: /home/ubuntu/ros2_rviz_urbot/install/moveit_config_custom_cobot/share/ament_index/resource_index/package_run_dependencies/moveit_config_custom_cobot
[3.346s] -- Installing: /home/ubuntu/ros2_rviz_urbot/install/moveit_config_custom_cobot/share/ament_index/resource_index/parent_prefix_path/moveit_config_custom_cobot
[3.347s] -- Installing: /home/ubuntu/ros2_rviz_urbot/install/moveit_config_custom_cobot/share/moveit_config_custom_cobot/environment/ament_prefix_path.sh
[3.348s] -- Installing: /home/ubuntu/ros2_rviz_urbot/install/moveit_config_custom_cobot/share/moveit_config_custom_cobot/environment/ament_prefix_path.dsv
[3.348s] -- Installing: /home/ubuntu/ros2_rviz_urbot/install/moveit_config_custom_cobot/share/moveit_config_custom_cobot/environment/path.sh
[3.348s] -- Installing: /home/ubuntu/ros2_rviz_urbot/install/moveit_config_custom_cobot/share/moveit_config_custom_cobot/environment/path.dsv
[3.348s] -- Installing: /home/ubuntu/ros2_rviz_urbot/install/moveit_config_custom_cobot/share/moveit_config_custom_cobot/local_setup.bash
[3.349s] -- Installing: /home/ubuntu/ros2_rviz_urbot/install/moveit_config_custom_cobot/share/moveit_config_custom_cobot/local_setup.sh
[3.349s] -- Installing: /home/ubuntu/ros2_rviz_urbot/install/moveit_config_custom_cobot/share/moveit_config_custom_cobot/local_setup.zsh
[3.349s] -- Installing: /home/ubuntu/ros2_rviz_urbot/install/moveit_config_custom_cobot/share/moveit_config_custom_cobot/local_setup.dsv
[3.349s] -- Installing: /home/ubuntu/ros2_rviz_urbot/install/moveit_config_custom_cobot/share/moveit_config_custom_cobot/package.dsv
[3.349s] -- Installing: /home/ubuntu/ros2_rviz_urbot/install/moveit_config_custom_cobot/share/ament_index/resource_index/packages/moveit_config_custom_cobot
[3.349s] -- Installing: /home/ubuntu/ros2_rviz_urbot/install/moveit_config_custom_cobot/share/moveit_config_custom_cobot/cmake/moveit_config_custom_cobotConfig.cmake
[3.350s] -- Installing: /home/ubuntu/ros2_rviz_urbot/install/moveit_config_custom_cobot/share/moveit_config_custom_cobot/cmake/moveit_config_custom_cobotConfig-version.cmake
[3.350s] -- Installing: /home/ubuntu/ros2_rviz_urbot/install/moveit_config_custom_cobot/share/moveit_config_custom_cobot/package.xml
[3.370s] Invoked command in '/home/ubuntu/ros2_rviz_urbot/build/moveit_config_custom_cobot' returned '0': CMAKE_PREFIX_PATH=${CMAKE_PREFIX_PATH}:/opt/ros/jazzy DEBUGINFOD_URLS=https://debuginfod.ubuntu.com /usr/bin/cmake --install /home/ubuntu/ros2_rviz_urbot/build/moveit_config_custom_cobot
