[0.099s] Invoking command in '/home/mj/ros2_rviz_urbot/build/startup_cobot': CMAKE_PREFIX_PATH=${CMAKE_PREFIX_PATH}:/opt/ros/jazzy DEBUGINFOD_URLS=https://debuginfod.ubuntu.com /usr/bin/cmake /home/mj/ros2_rviz_urbot/src/custom_cobot_ros2/startup_cobot -DCMAKE_INSTALL_PREFIX=/home/mj/ros2_rviz_urbot/install/startup_cobot
[1.062s] -- The C compiler identification is GNU 13.3.0
[1.669s] -- The CXX compiler identification is GNU 13.3.0
[1.801s] -- Detecting C compiler ABI info
[2.129s] -- Detecting C compiler ABI info - done
[2.153s] -- Check for working C compiler: /usr/bin/cc - skipped
[2.156s] -- Detecting C compile features
[2.158s] -- Detecting C compile features - done
[2.182s] -- Detecting CXX compiler ABI info
[2.623s] -- Detecting CXX compiler ABI info - done
[2.686s] -- Check for working CXX compiler: /usr/bin/c++ - skipped
[2.686s] -- Detecting CXX compile features
[2.686s] -- Detecting CXX compile features - done
[2.803s] -- Found ament_cmake: 2.5.3 (/opt/ros/jazzy/share/ament_cmake/cmake)
[3.324s] -- Found Python3: /usr/bin/python3 (found version "3.12.3") found components: Interpreter 
[3.655s] -- Found ament_lint_auto: 0.17.1 (/opt/ros/jazzy/share/ament_lint_auto/cmake)
[3.955s] -- Added test 'lint_cmake' to check CMake code style
[3.959s] -- Added test 'xmllint' to check XML markup files
[3.968s] -- Configuring done (3.8s)
[4.010s] -- Generating done (0.0s)
[4.012s] -- Build files have been written to: /home/mj/ros2_rviz_urbot/build/startup_cobot
[4.041s] Invoked command in '/home/mj/ros2_rviz_urbot/build/startup_cobot' returned '0': CMAKE_PREFIX_PATH=${CMAKE_PREFIX_PATH}:/opt/ros/jazzy DEBUGINFOD_URLS=https://debuginfod.ubuntu.com /usr/bin/cmake /home/mj/ros2_rviz_urbot/src/custom_cobot_ros2/startup_cobot -DCMAKE_INSTALL_PREFIX=/home/mj/ros2_rviz_urbot/install/startup_cobot
[4.042s] Invoking command in '/home/mj/ros2_rviz_urbot/build/startup_cobot': CMAKE_PREFIX_PATH=${CMAKE_PREFIX_PATH}:/opt/ros/jazzy DEBUGINFOD_URLS=https://debuginfod.ubuntu.com /usr/bin/cmake --build /home/mj/ros2_rviz_urbot/build/startup_cobot -- -j4 -l4
[4.154s] Invoked command in '/home/mj/ros2_rviz_urbot/build/startup_cobot' returned '0': CMAKE_PREFIX_PATH=${CMAKE_PREFIX_PATH}:/opt/ros/jazzy DEBUGINFOD_URLS=https://debuginfod.ubuntu.com /usr/bin/cmake --build /home/mj/ros2_rviz_urbot/build/startup_cobot -- -j4 -l4
[4.155s] Invoking command in '/home/mj/ros2_rviz_urbot/build/startup_cobot': CMAKE_PREFIX_PATH=${CMAKE_PREFIX_PATH}:/opt/ros/jazzy DEBUGINFOD_URLS=https://debuginfod.ubuntu.com /usr/bin/cmake --install /home/mj/ros2_rviz_urbot/build/startup_cobot
[4.198s] -- Install configuration: ""
[4.198s] -- Installing: /home/mj/ros2_rviz_urbot/install/startup_cobot/share/startup_cobot/scripts
[4.198s] -- Installing: /home/mj/ros2_rviz_urbot/install/startup_cobot/share/startup_cobot/scripts/custom_cobot_280_gazebo.sh
[4.198s] -- Installing: /home/mj/ros2_rviz_urbot/install/startup_cobot/share/ament_index/resource_index/package_run_dependencies/startup_cobot
[4.198s] -- Installing: /home/mj/ros2_rviz_urbot/install/startup_cobot/share/ament_index/resource_index/parent_prefix_path/startup_cobot
[4.198s] -- Installing: /home/mj/ros2_rviz_urbot/install/startup_cobot/share/startup_cobot/environment/ament_prefix_path.sh
[4.198s] -- Installing: /home/mj/ros2_rviz_urbot/install/startup_cobot/share/startup_cobot/environment/ament_prefix_path.dsv
[4.198s] -- Installing: /home/mj/ros2_rviz_urbot/install/startup_cobot/share/startup_cobot/environment/path.sh
[4.198s] -- Installing: /home/mj/ros2_rviz_urbot/install/startup_cobot/share/startup_cobot/environment/path.dsv
[4.198s] -- Installing: /home/mj/ros2_rviz_urbot/install/startup_cobot/share/startup_cobot/local_setup.bash
[4.199s] -- Installing: /home/mj/ros2_rviz_urbot/install/startup_cobot/share/startup_cobot/local_setup.sh
[4.199s] -- Installing: /home/mj/ros2_rviz_urbot/install/startup_cobot/share/startup_cobot/local_setup.zsh
[4.199s] -- Installing: /home/mj/ros2_rviz_urbot/install/startup_cobot/share/startup_cobot/local_setup.dsv
[4.199s] -- Installing: /home/mj/ros2_rviz_urbot/install/startup_cobot/share/startup_cobot/package.dsv
[4.200s] -- Installing: /home/mj/ros2_rviz_urbot/install/startup_cobot/share/ament_index/resource_index/packages/startup_cobot
[4.200s] -- Installing: /home/mj/ros2_rviz_urbot/install/startup_cobot/share/startup_cobot/cmake/startup_cobotConfig.cmake
[4.200s] -- Installing: /home/mj/ros2_rviz_urbot/install/startup_cobot/share/startup_cobot/cmake/startup_cobotConfig-version.cmake
[4.200s] -- Installing: /home/mj/ros2_rviz_urbot/install/startup_cobot/share/startup_cobot/package.xml
[4.372s] Invoked command in '/home/mj/ros2_rviz_urbot/build/startup_cobot' returned '0': CMAKE_PREFIX_PATH=${CMAKE_PREFIX_PATH}:/opt/ros/jazzy DEBUGINFOD_URLS=https://debuginfod.ubuntu.com /usr/bin/cmake --install /home/mj/ros2_rviz_urbot/build/startup_cobot
