-- The C compiler identification is GNU 13.3.0
-- The CXX compiler identification is GNU 13.3.0
-- Detecting C compiler ABI info
-- Detecting C compiler ABI info - done
-- Check for working C compiler: /usr/bin/cc - skipped
-- Detecting C compile features
-- Detecting C compile features - done
-- Detecting CXX compiler ABI info
-- Detecting CXX compiler ABI info - done
-- Check for working CXX compiler: /usr/bin/c++ - skipped
-- Detecting CXX compile features
-- Detecting CXX compile features - done
-- Found ament_cmake: 2.5.3 (/opt/ros/jazzy/share/ament_cmake/cmake)
-- Found Python3: /usr/bin/python3 (found version "3.12.3") found components: Interpreter 
-- Found ament_lint_auto: 0.17.1 (/opt/ros/jazzy/share/ament_lint_auto/cmake)
-- Added test 'flake8' to check Python code syntax and style conventions
-- Configured 'flake8' exclude dirs and/or files: 
-- Added test 'lint_cmake' to check CMake code style
-- Added test 'pep257' to check Python code against some of the docstring style conventions in PEP 257
-- Added test 'xmllint' to check XML markup files
-- Configuring done (2.6s)
-- Generating done (0.0s)
-- Build files have been written to: /home/mj/ros2_rviz_urbot/build/custom_cobot_ros2
-- Install configuration: ""
-- Installing: /home/mj/ros2_rviz_urbot/install/custom_cobot_ros2/share/ament_index/resource_index/package_run_dependencies/custom_cobot_ros2
-- Installing: /home/mj/ros2_rviz_urbot/install/custom_cobot_ros2/share/ament_index/resource_index/parent_prefix_path/custom_cobot_ros2
-- Installing: /home/mj/ros2_rviz_urbot/install/custom_cobot_ros2/share/custom_cobot_ros2/environment/ament_prefix_path.sh
-- Installing: /home/mj/ros2_rviz_urbot/install/custom_cobot_ros2/share/custom_cobot_ros2/environment/ament_prefix_path.dsv
-- Installing: /home/mj/ros2_rviz_urbot/install/custom_cobot_ros2/share/custom_cobot_ros2/environment/path.sh
-- Installing: /home/mj/ros2_rviz_urbot/install/custom_cobot_ros2/share/custom_cobot_ros2/environment/path.dsv
-- Installing: /home/mj/ros2_rviz_urbot/install/custom_cobot_ros2/share/custom_cobot_ros2/local_setup.bash
-- Installing: /home/mj/ros2_rviz_urbot/install/custom_cobot_ros2/share/custom_cobot_ros2/local_setup.sh
-- Installing: /home/mj/ros2_rviz_urbot/install/custom_cobot_ros2/share/custom_cobot_ros2/local_setup.zsh
-- Installing: /home/mj/ros2_rviz_urbot/install/custom_cobot_ros2/share/custom_cobot_ros2/local_setup.dsv
-- Installing: /home/mj/ros2_rviz_urbot/install/custom_cobot_ros2/share/custom_cobot_ros2/package.dsv
-- Installing: /home/mj/ros2_rviz_urbot/install/custom_cobot_ros2/share/ament_index/resource_index/packages/custom_cobot_ros2
-- Installing: /home/mj/ros2_rviz_urbot/install/custom_cobot_ros2/share/custom_cobot_ros2/cmake/custom_cobot_ros2Config.cmake
-- Installing: /home/mj/ros2_rviz_urbot/install/custom_cobot_ros2/share/custom_cobot_ros2/cmake/custom_cobot_ros2Config-version.cmake
-- Installing: /home/mj/ros2_rviz_urbot/install/custom_cobot_ros2/share/custom_cobot_ros2/package.xml
