[0.035s] Invoking command in '/home/mj/ros2_rviz_urbot/build/custom_cobot_ros2': AMENT_PREFIX_PATH=/home/mj/ros2_rviz_urbot/install/system_tests_custom_cobot:/home/mj/ros2_rviz_urbot/install/startup_cobot:/home/mj/ros2_rviz_urbot/install/moveit_config_custom_cobot:/home/mj/ros2_rviz_urbot/install/gazebo_custom_cobot:/home/mj/ros2_rviz_urbot/install/description_cobot:${AMENT_PREFIX_PATH} CMAKE_PREFIX_PATH=/home/mj/ros2_rviz_urbot/install/system_tests_custom_cobot:/home/mj/ros2_rviz_urbot/install/startup_cobot:/home/mj/ros2_rviz_urbot/install/moveit_config_custom_cobot:/home/mj/ros2_rviz_urbot/install/gazebo_custom_cobot:/home/mj/ros2_rviz_urbot/install/description_cobot:/opt/ros/jazzy/opt/gz_sim_vendor:/opt/ros/jazzy/opt/gz_sensors_vendor:/opt/ros/jazzy/opt/gz_physics_vendor:/opt/ros/jazzy/opt/sdformat_vendor:/opt/ros/jazzy/opt/gz_gui_vendor:/opt/ros/jazzy/opt/gz_transport_vendor:/opt/ros/jazzy/opt/gz_rendering_vendor:/opt/ros/jazzy/opt/gz_plugin_vendor:/opt/ros/jazzy/opt/gz_fuel_tools_vendor:/opt/ros/jazzy/opt/gz_msgs_vendor:/opt/ros/jazzy/opt/gz_common_vendor:/opt/ros/jazzy/opt/gz_math_vendor:/opt/ros/jazzy/opt/gz_utils_vendor:/opt/ros/jazzy/opt/gz_tools_vendor:/opt/ros/jazzy/opt/gz_ogre_next_vendor:/opt/ros/jazzy/opt/gz_dartsim_vendor:/opt/ros/jazzy/opt/gz_cmake_vendor:/opt/ros/jazzy DEBUGINFOD_URLS=https://debuginfod.ubuntu.com /usr/bin/cmake /home/mj/ros2_rviz_urbot/src/custom_cobot_ros2/custom_cobot_ros2 -DCMAKE_INSTALL_PREFIX=/home/mj/ros2_rviz_urbot/install/custom_cobot_ros2
[0.467s] -- The C compiler identification is GNU 13.3.0
[0.785s] -- The CXX compiler identification is GNU 13.3.0
[0.961s] -- Detecting C compiler ABI info
[1.604s] -- Detecting C compiler ABI info - done
[1.636s] -- Check for working C compiler: /usr/bin/cc - skipped
[1.636s] -- Detecting C compile features
[1.636s] -- Detecting C compile features - done
[1.669s] -- Detecting CXX compiler ABI info
[2.060s] -- Detecting CXX compiler ABI info - done
[2.091s] -- Check for working CXX compiler: /usr/bin/c++ - skipped
[2.091s] -- Detecting CXX compile features
[2.091s] -- Detecting CXX compile features - done
[2.122s] -- Found ament_cmake: 2.5.3 (/opt/ros/jazzy/share/ament_cmake/cmake)
[2.335s] -- Found Python3: /usr/bin/python3 (found version "3.12.3") found components: Interpreter 
[2.518s] -- Found ament_lint_auto: 0.17.1 (/opt/ros/jazzy/share/ament_lint_auto/cmake)
[2.694s] -- Added test 'flake8' to check Python code syntax and style conventions
[2.694s] -- Configured 'flake8' exclude dirs and/or files: 
[2.695s] -- Added test 'lint_cmake' to check CMake code style
[2.696s] -- Added test 'pep257' to check Python code against some of the docstring style conventions in PEP 257
[2.697s] -- Added test 'xmllint' to check XML markup files
[2.699s] -- Configuring done (2.6s)
[2.717s] -- Generating done (0.0s)
[2.726s] -- Build files have been written to: /home/mj/ros2_rviz_urbot/build/custom_cobot_ros2
[2.734s] Invoked command in '/home/mj/ros2_rviz_urbot/build/custom_cobot_ros2' returned '0': AMENT_PREFIX_PATH=/home/mj/ros2_rviz_urbot/install/system_tests_custom_cobot:/home/mj/ros2_rviz_urbot/install/startup_cobot:/home/mj/ros2_rviz_urbot/install/moveit_config_custom_cobot:/home/mj/ros2_rviz_urbot/install/gazebo_custom_cobot:/home/mj/ros2_rviz_urbot/install/description_cobot:${AMENT_PREFIX_PATH} CMAKE_PREFIX_PATH=/home/mj/ros2_rviz_urbot/install/system_tests_custom_cobot:/home/mj/ros2_rviz_urbot/install/startup_cobot:/home/mj/ros2_rviz_urbot/install/moveit_config_custom_cobot:/home/mj/ros2_rviz_urbot/install/gazebo_custom_cobot:/home/mj/ros2_rviz_urbot/install/description_cobot:/opt/ros/jazzy/opt/gz_sim_vendor:/opt/ros/jazzy/opt/gz_sensors_vendor:/opt/ros/jazzy/opt/gz_physics_vendor:/opt/ros/jazzy/opt/sdformat_vendor:/opt/ros/jazzy/opt/gz_gui_vendor:/opt/ros/jazzy/opt/gz_transport_vendor:/opt/ros/jazzy/opt/gz_rendering_vendor:/opt/ros/jazzy/opt/gz_plugin_vendor:/opt/ros/jazzy/opt/gz_fuel_tools_vendor:/opt/ros/jazzy/opt/gz_msgs_vendor:/opt/ros/jazzy/opt/gz_common_vendor:/opt/ros/jazzy/opt/gz_math_vendor:/opt/ros/jazzy/opt/gz_utils_vendor:/opt/ros/jazzy/opt/gz_tools_vendor:/opt/ros/jazzy/opt/gz_ogre_next_vendor:/opt/ros/jazzy/opt/gz_dartsim_vendor:/opt/ros/jazzy/opt/gz_cmake_vendor:/opt/ros/jazzy DEBUGINFOD_URLS=https://debuginfod.ubuntu.com /usr/bin/cmake /home/mj/ros2_rviz_urbot/src/custom_cobot_ros2/custom_cobot_ros2 -DCMAKE_INSTALL_PREFIX=/home/mj/ros2_rviz_urbot/install/custom_cobot_ros2
[2.736s] Invoking command in '/home/mj/ros2_rviz_urbot/build/custom_cobot_ros2': AMENT_PREFIX_PATH=/home/mj/ros2_rviz_urbot/install/system_tests_custom_cobot:/home/mj/ros2_rviz_urbot/install/startup_cobot:/home/mj/ros2_rviz_urbot/install/moveit_config_custom_cobot:/home/mj/ros2_rviz_urbot/install/gazebo_custom_cobot:/home/mj/ros2_rviz_urbot/install/description_cobot:${AMENT_PREFIX_PATH} CMAKE_PREFIX_PATH=/home/mj/ros2_rviz_urbot/install/system_tests_custom_cobot:/home/mj/ros2_rviz_urbot/install/startup_cobot:/home/mj/ros2_rviz_urbot/install/moveit_config_custom_cobot:/home/mj/ros2_rviz_urbot/install/gazebo_custom_cobot:/home/mj/ros2_rviz_urbot/install/description_cobot:/opt/ros/jazzy/opt/gz_sim_vendor:/opt/ros/jazzy/opt/gz_sensors_vendor:/opt/ros/jazzy/opt/gz_physics_vendor:/opt/ros/jazzy/opt/sdformat_vendor:/opt/ros/jazzy/opt/gz_gui_vendor:/opt/ros/jazzy/opt/gz_transport_vendor:/opt/ros/jazzy/opt/gz_rendering_vendor:/opt/ros/jazzy/opt/gz_plugin_vendor:/opt/ros/jazzy/opt/gz_fuel_tools_vendor:/opt/ros/jazzy/opt/gz_msgs_vendor:/opt/ros/jazzy/opt/gz_common_vendor:/opt/ros/jazzy/opt/gz_math_vendor:/opt/ros/jazzy/opt/gz_utils_vendor:/opt/ros/jazzy/opt/gz_tools_vendor:/opt/ros/jazzy/opt/gz_ogre_next_vendor:/opt/ros/jazzy/opt/gz_dartsim_vendor:/opt/ros/jazzy/opt/gz_cmake_vendor:/opt/ros/jazzy DEBUGINFOD_URLS=https://debuginfod.ubuntu.com /usr/bin/cmake --build /home/mj/ros2_rviz_urbot/build/custom_cobot_ros2 -- -j4 -l4
[2.847s] Invoked command in '/home/mj/ros2_rviz_urbot/build/custom_cobot_ros2' returned '0': AMENT_PREFIX_PATH=/home/mj/ros2_rviz_urbot/install/system_tests_custom_cobot:/home/mj/ros2_rviz_urbot/install/startup_cobot:/home/mj/ros2_rviz_urbot/install/moveit_config_custom_cobot:/home/mj/ros2_rviz_urbot/install/gazebo_custom_cobot:/home/mj/ros2_rviz_urbot/install/description_cobot:${AMENT_PREFIX_PATH} CMAKE_PREFIX_PATH=/home/mj/ros2_rviz_urbot/install/system_tests_custom_cobot:/home/mj/ros2_rviz_urbot/install/startup_cobot:/home/mj/ros2_rviz_urbot/install/moveit_config_custom_cobot:/home/mj/ros2_rviz_urbot/install/gazebo_custom_cobot:/home/mj/ros2_rviz_urbot/install/description_cobot:/opt/ros/jazzy/opt/gz_sim_vendor:/opt/ros/jazzy/opt/gz_sensors_vendor:/opt/ros/jazzy/opt/gz_physics_vendor:/opt/ros/jazzy/opt/sdformat_vendor:/opt/ros/jazzy/opt/gz_gui_vendor:/opt/ros/jazzy/opt/gz_transport_vendor:/opt/ros/jazzy/opt/gz_rendering_vendor:/opt/ros/jazzy/opt/gz_plugin_vendor:/opt/ros/jazzy/opt/gz_fuel_tools_vendor:/opt/ros/jazzy/opt/gz_msgs_vendor:/opt/ros/jazzy/opt/gz_common_vendor:/opt/ros/jazzy/opt/gz_math_vendor:/opt/ros/jazzy/opt/gz_utils_vendor:/opt/ros/jazzy/opt/gz_tools_vendor:/opt/ros/jazzy/opt/gz_ogre_next_vendor:/opt/ros/jazzy/opt/gz_dartsim_vendor:/opt/ros/jazzy/opt/gz_cmake_vendor:/opt/ros/jazzy DEBUGINFOD_URLS=https://debuginfod.ubuntu.com /usr/bin/cmake --build /home/mj/ros2_rviz_urbot/build/custom_cobot_ros2 -- -j4 -l4
[2.847s] Invoking command in '/home/mj/ros2_rviz_urbot/build/custom_cobot_ros2': AMENT_PREFIX_PATH=/home/mj/ros2_rviz_urbot/install/system_tests_custom_cobot:/home/mj/ros2_rviz_urbot/install/startup_cobot:/home/mj/ros2_rviz_urbot/install/moveit_config_custom_cobot:/home/mj/ros2_rviz_urbot/install/gazebo_custom_cobot:/home/mj/ros2_rviz_urbot/install/description_cobot:${AMENT_PREFIX_PATH} CMAKE_PREFIX_PATH=/home/mj/ros2_rviz_urbot/install/system_tests_custom_cobot:/home/mj/ros2_rviz_urbot/install/startup_cobot:/home/mj/ros2_rviz_urbot/install/moveit_config_custom_cobot:/home/mj/ros2_rviz_urbot/install/gazebo_custom_cobot:/home/mj/ros2_rviz_urbot/install/description_cobot:/opt/ros/jazzy/opt/gz_sim_vendor:/opt/ros/jazzy/opt/gz_sensors_vendor:/opt/ros/jazzy/opt/gz_physics_vendor:/opt/ros/jazzy/opt/sdformat_vendor:/opt/ros/jazzy/opt/gz_gui_vendor:/opt/ros/jazzy/opt/gz_transport_vendor:/opt/ros/jazzy/opt/gz_rendering_vendor:/opt/ros/jazzy/opt/gz_plugin_vendor:/opt/ros/jazzy/opt/gz_fuel_tools_vendor:/opt/ros/jazzy/opt/gz_msgs_vendor:/opt/ros/jazzy/opt/gz_common_vendor:/opt/ros/jazzy/opt/gz_math_vendor:/opt/ros/jazzy/opt/gz_utils_vendor:/opt/ros/jazzy/opt/gz_tools_vendor:/opt/ros/jazzy/opt/gz_ogre_next_vendor:/opt/ros/jazzy/opt/gz_dartsim_vendor:/opt/ros/jazzy/opt/gz_cmake_vendor:/opt/ros/jazzy DEBUGINFOD_URLS=https://debuginfod.ubuntu.com /usr/bin/cmake --install /home/mj/ros2_rviz_urbot/build/custom_cobot_ros2
[2.858s] -- Install configuration: ""
[2.859s] -- Installing: /home/mj/ros2_rviz_urbot/install/custom_cobot_ros2/share/ament_index/resource_index/package_run_dependencies/custom_cobot_ros2
[2.859s] -- Installing: /home/mj/ros2_rviz_urbot/install/custom_cobot_ros2/share/ament_index/resource_index/parent_prefix_path/custom_cobot_ros2
[2.859s] -- Installing: /home/mj/ros2_rviz_urbot/install/custom_cobot_ros2/share/custom_cobot_ros2/environment/ament_prefix_path.sh
[2.859s] -- Installing: /home/mj/ros2_rviz_urbot/install/custom_cobot_ros2/share/custom_cobot_ros2/environment/ament_prefix_path.dsv
[2.860s] -- Installing: /home/mj/ros2_rviz_urbot/install/custom_cobot_ros2/share/custom_cobot_ros2/environment/path.sh
[2.860s] -- Installing: /home/mj/ros2_rviz_urbot/install/custom_cobot_ros2/share/custom_cobot_ros2/environment/path.dsv
[2.860s] -- Installing: /home/mj/ros2_rviz_urbot/install/custom_cobot_ros2/share/custom_cobot_ros2/local_setup.bash
[2.860s] -- Installing: /home/mj/ros2_rviz_urbot/install/custom_cobot_ros2/share/custom_cobot_ros2/local_setup.sh
[2.860s] -- Installing: /home/mj/ros2_rviz_urbot/install/custom_cobot_ros2/share/custom_cobot_ros2/local_setup.zsh
[2.861s] -- Installing: /home/mj/ros2_rviz_urbot/install/custom_cobot_ros2/share/custom_cobot_ros2/local_setup.dsv
[2.861s] -- Installing: /home/mj/ros2_rviz_urbot/install/custom_cobot_ros2/share/custom_cobot_ros2/package.dsv
[2.861s] -- Installing: /home/mj/ros2_rviz_urbot/install/custom_cobot_ros2/share/ament_index/resource_index/packages/custom_cobot_ros2
[2.861s] -- Installing: /home/mj/ros2_rviz_urbot/install/custom_cobot_ros2/share/custom_cobot_ros2/cmake/custom_cobot_ros2Config.cmake
[2.862s] -- Installing: /home/mj/ros2_rviz_urbot/install/custom_cobot_ros2/share/custom_cobot_ros2/cmake/custom_cobot_ros2Config-version.cmake
[2.862s] -- Installing: /home/mj/ros2_rviz_urbot/install/custom_cobot_ros2/share/custom_cobot_ros2/package.xml
[2.865s] Invoked command in '/home/mj/ros2_rviz_urbot/build/custom_cobot_ros2' returned '0': AMENT_PREFIX_PATH=/home/mj/ros2_rviz_urbot/install/system_tests_custom_cobot:/home/mj/ros2_rviz_urbot/install/startup_cobot:/home/mj/ros2_rviz_urbot/install/moveit_config_custom_cobot:/home/mj/ros2_rviz_urbot/install/gazebo_custom_cobot:/home/mj/ros2_rviz_urbot/install/description_cobot:${AMENT_PREFIX_PATH} CMAKE_PREFIX_PATH=/home/mj/ros2_rviz_urbot/install/system_tests_custom_cobot:/home/mj/ros2_rviz_urbot/install/startup_cobot:/home/mj/ros2_rviz_urbot/install/moveit_config_custom_cobot:/home/mj/ros2_rviz_urbot/install/gazebo_custom_cobot:/home/mj/ros2_rviz_urbot/install/description_cobot:/opt/ros/jazzy/opt/gz_sim_vendor:/opt/ros/jazzy/opt/gz_sensors_vendor:/opt/ros/jazzy/opt/gz_physics_vendor:/opt/ros/jazzy/opt/sdformat_vendor:/opt/ros/jazzy/opt/gz_gui_vendor:/opt/ros/jazzy/opt/gz_transport_vendor:/opt/ros/jazzy/opt/gz_rendering_vendor:/opt/ros/jazzy/opt/gz_plugin_vendor:/opt/ros/jazzy/opt/gz_fuel_tools_vendor:/opt/ros/jazzy/opt/gz_msgs_vendor:/opt/ros/jazzy/opt/gz_common_vendor:/opt/ros/jazzy/opt/gz_math_vendor:/opt/ros/jazzy/opt/gz_utils_vendor:/opt/ros/jazzy/opt/gz_tools_vendor:/opt/ros/jazzy/opt/gz_ogre_next_vendor:/opt/ros/jazzy/opt/gz_dartsim_vendor:/opt/ros/jazzy/opt/gz_cmake_vendor:/opt/ros/jazzy DEBUGINFOD_URLS=https://debuginfod.ubuntu.com /usr/bin/cmake --install /home/mj/ros2_rviz_urbot/build/custom_cobot_ros2
