[0.045s] Invoking command in '/home/ubuntu/ros2_rviz_urbot/build/startup_cobot': CMAKE_PREFIX_PATH=${CMAKE_PREFIX_PATH}:/opt/ros/jazzy DEBUGINFOD_URLS=https://debuginfod.ubuntu.com /usr/bin/cmake /home/ubuntu/ros2_rviz_urbot/src/custom_cobot_ros2/startup_cobot -DCMAKE_INSTALL_PREFIX=/home/ubuntu/ros2_rviz_urbot/install/startup_cobot
[0.259s] -- The C compiler identification is GNU 13.3.0
[0.549s] -- The CXX compiler identification is GNU 13.3.0
[0.734s] -- Detecting C compiler ABI info
[1.484s] -- Detecting C compiler ABI info - done
[1.514s] -- Check for working C compiler: /usr/bin/cc - skipped
[1.514s] -- Detecting C compile features
[1.518s] -- Detecting C compile features - done
[1.611s] -- Detecting CXX compiler ABI info
[2.383s] -- Detecting CXX compiler ABI info - done
[2.415s] -- Check for working CXX compiler: /usr/bin/c++ - skipped
[2.438s] -- Detecting CXX compile features
[2.438s] -- Detecting CXX compile features - done
[2.449s] -- Found ament_cmake: 2.5.2 (/opt/ros/jazzy/share/ament_cmake/cmake)
[2.947s] -- Found Python3: /usr/bin/python3 (found version "3.12.3") found components: Interpreter 
[3.109s] -- Found ament_lint_auto: 0.17.1 (/opt/ros/jazzy/share/ament_lint_auto/cmake)
[3.363s] -- Added test 'lint_cmake' to check CMake code style
[3.363s] -- Added test 'xmllint' to check XML markup files
[3.363s] -- Configuring done (3.2s)
[3.364s] -- Generating done (0.0s)
[3.364s] -- Build files have been written to: /home/ubuntu/ros2_rviz_urbot/build/startup_cobot
[3.399s] Invoked command in '/home/ubuntu/ros2_rviz_urbot/build/startup_cobot' returned '0': CMAKE_PREFIX_PATH=${CMAKE_PREFIX_PATH}:/opt/ros/jazzy DEBUGINFOD_URLS=https://debuginfod.ubuntu.com /usr/bin/cmake /home/ubuntu/ros2_rviz_urbot/src/custom_cobot_ros2/startup_cobot -DCMAKE_INSTALL_PREFIX=/home/ubuntu/ros2_rviz_urbot/install/startup_cobot
[3.402s] Invoking command in '/home/ubuntu/ros2_rviz_urbot/build/startup_cobot': CMAKE_PREFIX_PATH=${CMAKE_PREFIX_PATH}:/opt/ros/jazzy DEBUGINFOD_URLS=https://debuginfod.ubuntu.com /usr/bin/cmake --build /home/ubuntu/ros2_rviz_urbot/build/startup_cobot -- -j16 -l16
[3.641s] Invoked command in '/home/ubuntu/ros2_rviz_urbot/build/startup_cobot' returned '0': CMAKE_PREFIX_PATH=${CMAKE_PREFIX_PATH}:/opt/ros/jazzy DEBUGINFOD_URLS=https://debuginfod.ubuntu.com /usr/bin/cmake --build /home/ubuntu/ros2_rviz_urbot/build/startup_cobot -- -j16 -l16
[3.641s] Invoking command in '/home/ubuntu/ros2_rviz_urbot/build/startup_cobot': CMAKE_PREFIX_PATH=${CMAKE_PREFIX_PATH}:/opt/ros/jazzy DEBUGINFOD_URLS=https://debuginfod.ubuntu.com /usr/bin/cmake --install /home/ubuntu/ros2_rviz_urbot/build/startup_cobot
[3.676s] -- Install configuration: ""
[3.676s] -- Installing: /home/ubuntu/ros2_rviz_urbot/install/startup_cobot/share/startup_cobot/scripts
[3.676s] -- Installing: /home/ubuntu/ros2_rviz_urbot/install/startup_cobot/share/startup_cobot/scripts/custom_cobot_280_gazebo.sh
[3.676s] -- Installing: /home/ubuntu/ros2_rviz_urbot/install/startup_cobot/share/ament_index/resource_index/package_run_dependencies/startup_cobot
[3.676s] -- Installing: /home/ubuntu/ros2_rviz_urbot/install/startup_cobot/share/ament_index/resource_index/parent_prefix_path/startup_cobot
[3.710s] -- Installing: /home/ubuntu/ros2_rviz_urbot/install/startup_cobot/share/startup_cobot/environment/ament_prefix_path.sh
[3.710s] -- Installing: /home/ubuntu/ros2_rviz_urbot/install/startup_cobot/share/startup_cobot/environment/ament_prefix_path.dsv
[3.710s] -- Installing: /home/ubuntu/ros2_rviz_urbot/install/startup_cobot/share/startup_cobot/environment/path.sh
[3.710s] -- Installing: /home/ubuntu/ros2_rviz_urbot/install/startup_cobot/share/startup_cobot/environment/path.dsv
[3.713s] -- Installing: /home/ubuntu/ros2_rviz_urbot/install/startup_cobot/share/startup_cobot/local_setup.bash
[3.714s] -- Installing: /home/ubuntu/ros2_rviz_urbot/install/startup_cobot/share/startup_cobot/local_setup.sh
[3.714s] -- Installing: /home/ubuntu/ros2_rviz_urbot/install/startup_cobot/share/startup_cobot/local_setup.zsh
[3.714s] -- Installing: /home/ubuntu/ros2_rviz_urbot/install/startup_cobot/share/startup_cobot/local_setup.dsv
[3.714s] -- Installing: /home/ubuntu/ros2_rviz_urbot/install/startup_cobot/share/startup_cobot/package.dsv
[3.714s] -- Installing: /home/ubuntu/ros2_rviz_urbot/install/startup_cobot/share/ament_index/resource_index/packages/startup_cobot
[3.714s] -- Installing: /home/ubuntu/ros2_rviz_urbot/install/startup_cobot/share/startup_cobot/cmake/startup_cobotConfig.cmake
[3.714s] -- Installing: /home/ubuntu/ros2_rviz_urbot/install/startup_cobot/share/startup_cobot/cmake/startup_cobotConfig-version.cmake
[3.714s] -- Installing: /home/ubuntu/ros2_rviz_urbot/install/startup_cobot/share/startup_cobot/package.xml
[3.736s] Invoked command in '/home/ubuntu/ros2_rviz_urbot/build/startup_cobot' returned '0': CMAKE_PREFIX_PATH=${CMAKE_PREFIX_PATH}:/opt/ros/jazzy DEBUGINFOD_URLS=https://debuginfod.ubuntu.com /usr/bin/cmake --install /home/ubuntu/ros2_rviz_urbot/build/startup_cobot
