[0.651s] DEBUG:colcon:Command line arguments: ['/usr/bin/colcon', 'build']
[0.651s] DEBUG:colcon:Parsed command line arguments: Namespace(log_base=None, log_level=None, verb_name='build', build_base='build', install_base='install', merge_install=False, symlink_install=False, test_result_base=None, continue_on_error=False, executor='parallel', parallel_workers=4, event_handlers=None, ignore_user_meta=False, metas=['./colcon.meta'], base_paths=['.'], packages_ignore=None, packages_ignore_regex=None, paths=None, packages_up_to=None, packages_up_to_regex=None, packages_above=None, packages_above_and_dependencies=None, packages_above_depth=None, packages_select_by_dep=None, packages_skip_by_dep=None, packages_skip_up_to=None, packages_select_build_failed=False, packages_skip_build_finished=False, packages_select_test_failures=False, packages_skip_test_passed=False, packages_select=None, packages_skip=None, packages_select_regex=None, packages_skip_regex=None, packages_start=None, packages_end=None, allow_overriding=[], cmake_args=None, cmake_target=None, cmake_target_skip_unavailable=False, cmake_clean_cache=False, cmake_clean_first=False, cmake_force_configure=False, ament_cmake_args=None, catkin_cmake_args=None, catkin_skip_building_tests=False, mixin_files=None, mixin=None, verb_parser=<colcon_mixin.mixin.mixin_argument.MixinArgumentDecorator object at 0x75cc49c8ba40>, verb_extension=<colcon_core.verb.build.BuildVerb object at 0x75cc49c8b6b0>, main=<bound method BuildVerb.main of <colcon_core.verb.build.BuildVerb object at 0x75cc49c8b6b0>>, mixin_verb=('build',))
[0.766s] Level 1:colcon.colcon_core.package_discovery:discover_packages(colcon_meta) check parameters
[0.766s] Level 1:colcon.colcon_core.package_discovery:discover_packages(recursive) check parameters
[0.766s] Level 1:colcon.colcon_core.package_discovery:discover_packages(ignore) check parameters
[0.766s] Level 1:colcon.colcon_core.package_discovery:discover_packages(path) check parameters
[0.766s] Level 1:colcon.colcon_core.package_discovery:discover_packages(colcon_meta) discover
[0.766s] Level 1:colcon.colcon_core.package_discovery:discover_packages(recursive) discover
[0.767s] INFO:colcon.colcon_core.package_discovery:Crawling recursively for packages in '/home/mj/ros2_rviz_urbot'
[0.767s] Level 1:colcon.colcon_core.package_identification:_identify(.) by extensions ['ignore', 'ignore_ament_install']
[0.767s] Level 1:colcon.colcon_core.package_identification:_identify(.) by extension 'ignore'
[0.767s] Level 1:colcon.colcon_core.package_identification:_identify(.) by extension 'ignore_ament_install'
[0.767s] Level 1:colcon.colcon_core.package_identification:_identify(.) by extensions ['colcon_pkg']
[0.767s] Level 1:colcon.colcon_core.package_identification:_identify(.) by extension 'colcon_pkg'
[0.767s] Level 1:colcon.colcon_core.package_identification:_identify(.) by extensions ['colcon_meta']
[0.767s] Level 1:colcon.colcon_core.package_identification:_identify(.) by extension 'colcon_meta'
[0.767s] Level 1:colcon.colcon_core.package_identification:_identify(.) by extensions ['ros']
[0.767s] Level 1:colcon.colcon_core.package_identification:_identify(.) by extension 'ros'
[0.821s] Level 1:colcon.colcon_core.package_identification:_identify(.) by extensions ['cmake', 'python']
[0.821s] Level 1:colcon.colcon_core.package_identification:_identify(.) by extension 'cmake'
[0.821s] Level 1:colcon.colcon_core.package_identification:_identify(.) by extension 'python'
[0.821s] Level 1:colcon.colcon_core.package_identification:_identify(.) by extensions ['python_setup_py']
[0.821s] Level 1:colcon.colcon_core.package_identification:_identify(.) by extension 'python_setup_py'
[0.821s] Level 1:colcon.colcon_core.package_identification:_identify(build) by extensions ['ignore', 'ignore_ament_install']
[0.821s] Level 1:colcon.colcon_core.package_identification:_identify(build) by extension 'ignore'
[0.821s] Level 1:colcon.colcon_core.package_identification:_identify(build) ignored
[0.822s] Level 1:colcon.colcon_core.package_identification:_identify(install) by extensions ['ignore', 'ignore_ament_install']
[0.822s] Level 1:colcon.colcon_core.package_identification:_identify(install) by extension 'ignore'
[0.822s] Level 1:colcon.colcon_core.package_identification:_identify(install) ignored
[0.822s] Level 1:colcon.colcon_core.package_identification:_identify(log) by extensions ['ignore', 'ignore_ament_install']
[0.822s] Level 1:colcon.colcon_core.package_identification:_identify(log) by extension 'ignore'
[0.822s] Level 1:colcon.colcon_core.package_identification:_identify(log) ignored
[0.822s] Level 1:colcon.colcon_core.package_identification:_identify(src) by extensions ['ignore', 'ignore_ament_install']
[0.822s] Level 1:colcon.colcon_core.package_identification:_identify(src) by extension 'ignore'
[0.822s] Level 1:colcon.colcon_core.package_identification:_identify(src) by extension 'ignore_ament_install'
[0.822s] Level 1:colcon.colcon_core.package_identification:_identify(src) by extensions ['colcon_pkg']
[0.822s] Level 1:colcon.colcon_core.package_identification:_identify(src) by extension 'colcon_pkg'
[0.822s] Level 1:colcon.colcon_core.package_identification:_identify(src) by extensions ['colcon_meta']
[0.822s] Level 1:colcon.colcon_core.package_identification:_identify(src) by extension 'colcon_meta'
[0.822s] Level 1:colcon.colcon_core.package_identification:_identify(src) by extensions ['ros']
[0.822s] Level 1:colcon.colcon_core.package_identification:_identify(src) by extension 'ros'
[0.822s] Level 1:colcon.colcon_core.package_identification:_identify(src) by extensions ['cmake', 'python']
[0.822s] Level 1:colcon.colcon_core.package_identification:_identify(src) by extension 'cmake'
[0.822s] Level 1:colcon.colcon_core.package_identification:_identify(src) by extension 'python'
[0.822s] Level 1:colcon.colcon_core.package_identification:_identify(src) by extensions ['python_setup_py']
[0.822s] Level 1:colcon.colcon_core.package_identification:_identify(src) by extension 'python_setup_py'
[0.822s] Level 1:colcon.colcon_core.package_identification:_identify(src/custom_cobot_ros2) by extensions ['ignore', 'ignore_ament_install']
[0.822s] Level 1:colcon.colcon_core.package_identification:_identify(src/custom_cobot_ros2) by extension 'ignore'
[0.822s] Level 1:colcon.colcon_core.package_identification:_identify(src/custom_cobot_ros2) by extension 'ignore_ament_install'
[0.822s] Level 1:colcon.colcon_core.package_identification:_identify(src/custom_cobot_ros2) by extensions ['colcon_pkg']
[0.822s] Level 1:colcon.colcon_core.package_identification:_identify(src/custom_cobot_ros2) by extension 'colcon_pkg'
[0.822s] Level 1:colcon.colcon_core.package_identification:_identify(src/custom_cobot_ros2) by extensions ['colcon_meta']
[0.822s] Level 1:colcon.colcon_core.package_identification:_identify(src/custom_cobot_ros2) by extension 'colcon_meta'
[0.822s] Level 1:colcon.colcon_core.package_identification:_identify(src/custom_cobot_ros2) by extensions ['ros']
[0.822s] Level 1:colcon.colcon_core.package_identification:_identify(src/custom_cobot_ros2) by extension 'ros'
[0.823s] Level 1:colcon.colcon_core.package_identification:_identify(src/custom_cobot_ros2) by extensions ['cmake', 'python']
[0.823s] Level 1:colcon.colcon_core.package_identification:_identify(src/custom_cobot_ros2) by extension 'cmake'
[0.823s] Level 1:colcon.colcon_core.package_identification:_identify(src/custom_cobot_ros2) by extension 'python'
[0.823s] Level 1:colcon.colcon_core.package_identification:_identify(src/custom_cobot_ros2) by extensions ['python_setup_py']
[0.823s] Level 1:colcon.colcon_core.package_identification:_identify(src/custom_cobot_ros2) by extension 'python_setup_py'
[0.823s] Level 1:colcon.colcon_core.package_identification:_identify(src/custom_cobot_ros2/custom_cobot_ros2) by extensions ['ignore', 'ignore_ament_install']
[0.823s] Level 1:colcon.colcon_core.package_identification:_identify(src/custom_cobot_ros2/custom_cobot_ros2) by extension 'ignore'
[0.823s] Level 1:colcon.colcon_core.package_identification:_identify(src/custom_cobot_ros2/custom_cobot_ros2) by extension 'ignore_ament_install'
[0.823s] Level 1:colcon.colcon_core.package_identification:_identify(src/custom_cobot_ros2/custom_cobot_ros2) by extensions ['colcon_pkg']
[0.823s] Level 1:colcon.colcon_core.package_identification:_identify(src/custom_cobot_ros2/custom_cobot_ros2) by extension 'colcon_pkg'
[0.823s] Level 1:colcon.colcon_core.package_identification:_identify(src/custom_cobot_ros2/custom_cobot_ros2) by extensions ['colcon_meta']
[0.823s] Level 1:colcon.colcon_core.package_identification:_identify(src/custom_cobot_ros2/custom_cobot_ros2) by extension 'colcon_meta'
[0.823s] Level 1:colcon.colcon_core.package_identification:_identify(src/custom_cobot_ros2/custom_cobot_ros2) by extensions ['ros']
[0.823s] Level 1:colcon.colcon_core.package_identification:_identify(src/custom_cobot_ros2/custom_cobot_ros2) by extension 'ros'
[0.828s] DEBUG:colcon.colcon_core.package_identification:Package 'src/custom_cobot_ros2/custom_cobot_ros2' with type 'ros.ament_cmake' and name 'custom_cobot_ros2'
[0.828s] Level 1:colcon.colcon_core.package_identification:_identify(src/custom_cobot_ros2/description_cobot) by extensions ['ignore', 'ignore_ament_install']
[0.828s] Level 1:colcon.colcon_core.package_identification:_identify(src/custom_cobot_ros2/description_cobot) by extension 'ignore'
[0.828s] Level 1:colcon.colcon_core.package_identification:_identify(src/custom_cobot_ros2/description_cobot) by extension 'ignore_ament_install'
[0.828s] Level 1:colcon.colcon_core.package_identification:_identify(src/custom_cobot_ros2/description_cobot) by extensions ['colcon_pkg']
[0.828s] Level 1:colcon.colcon_core.package_identification:_identify(src/custom_cobot_ros2/description_cobot) by extension 'colcon_pkg'
[0.828s] Level 1:colcon.colcon_core.package_identification:_identify(src/custom_cobot_ros2/description_cobot) by extensions ['colcon_meta']
[0.828s] Level 1:colcon.colcon_core.package_identification:_identify(src/custom_cobot_ros2/description_cobot) by extension 'colcon_meta'
[0.828s] Level 1:colcon.colcon_core.package_identification:_identify(src/custom_cobot_ros2/description_cobot) by extensions ['ros']
[0.828s] Level 1:colcon.colcon_core.package_identification:_identify(src/custom_cobot_ros2/description_cobot) by extension 'ros'
[0.829s] DEBUG:colcon.colcon_core.package_identification:Package 'src/custom_cobot_ros2/description_cobot' with type 'ros.ament_cmake' and name 'description_cobot'
[0.829s] Level 1:colcon.colcon_core.package_identification:_identify(src/custom_cobot_ros2/gazebo_custom_cobot) by extensions ['ignore', 'ignore_ament_install']
[0.829s] Level 1:colcon.colcon_core.package_identification:_identify(src/custom_cobot_ros2/gazebo_custom_cobot) by extension 'ignore'
[0.829s] Level 1:colcon.colcon_core.package_identification:_identify(src/custom_cobot_ros2/gazebo_custom_cobot) by extension 'ignore_ament_install'
[0.829s] Level 1:colcon.colcon_core.package_identification:_identify(src/custom_cobot_ros2/gazebo_custom_cobot) by extensions ['colcon_pkg']
[0.829s] Level 1:colcon.colcon_core.package_identification:_identify(src/custom_cobot_ros2/gazebo_custom_cobot) by extension 'colcon_pkg'
[0.829s] Level 1:colcon.colcon_core.package_identification:_identify(src/custom_cobot_ros2/gazebo_custom_cobot) by extensions ['colcon_meta']
[0.829s] Level 1:colcon.colcon_core.package_identification:_identify(src/custom_cobot_ros2/gazebo_custom_cobot) by extension 'colcon_meta'
[0.829s] Level 1:colcon.colcon_core.package_identification:_identify(src/custom_cobot_ros2/gazebo_custom_cobot) by extensions ['ros']
[0.829s] Level 1:colcon.colcon_core.package_identification:_identify(src/custom_cobot_ros2/gazebo_custom_cobot) by extension 'ros'
[0.830s] DEBUG:colcon.colcon_core.package_identification:Package 'src/custom_cobot_ros2/gazebo_custom_cobot' with type 'ros.ament_cmake' and name 'gazebo_custom_cobot'
[0.830s] Level 1:colcon.colcon_core.package_identification:_identify(src/custom_cobot_ros2/moveit_config_custom_cobot) by extensions ['ignore', 'ignore_ament_install']
[0.830s] Level 1:colcon.colcon_core.package_identification:_identify(src/custom_cobot_ros2/moveit_config_custom_cobot) by extension 'ignore'
[0.830s] Level 1:colcon.colcon_core.package_identification:_identify(src/custom_cobot_ros2/moveit_config_custom_cobot) by extension 'ignore_ament_install'
[0.830s] Level 1:colcon.colcon_core.package_identification:_identify(src/custom_cobot_ros2/moveit_config_custom_cobot) by extensions ['colcon_pkg']
[0.830s] Level 1:colcon.colcon_core.package_identification:_identify(src/custom_cobot_ros2/moveit_config_custom_cobot) by extension 'colcon_pkg'
[0.830s] Level 1:colcon.colcon_core.package_identification:_identify(src/custom_cobot_ros2/moveit_config_custom_cobot) by extensions ['colcon_meta']
[0.831s] Level 1:colcon.colcon_core.package_identification:_identify(src/custom_cobot_ros2/moveit_config_custom_cobot) by extension 'colcon_meta'
[0.831s] Level 1:colcon.colcon_core.package_identification:_identify(src/custom_cobot_ros2/moveit_config_custom_cobot) by extensions ['ros']
[0.831s] Level 1:colcon.colcon_core.package_identification:_identify(src/custom_cobot_ros2/moveit_config_custom_cobot) by extension 'ros'
[0.832s] DEBUG:colcon.colcon_core.package_identification:Package 'src/custom_cobot_ros2/moveit_config_custom_cobot' with type 'ros.ament_cmake' and name 'moveit_config_custom_cobot'
[0.832s] Level 1:colcon.colcon_core.package_identification:_identify(src/custom_cobot_ros2/startup_cobot) by extensions ['ignore', 'ignore_ament_install']
[0.832s] Level 1:colcon.colcon_core.package_identification:_identify(src/custom_cobot_ros2/startup_cobot) by extension 'ignore'
[0.832s] Level 1:colcon.colcon_core.package_identification:_identify(src/custom_cobot_ros2/startup_cobot) by extension 'ignore_ament_install'
[0.832s] Level 1:colcon.colcon_core.package_identification:_identify(src/custom_cobot_ros2/startup_cobot) by extensions ['colcon_pkg']
[0.832s] Level 1:colcon.colcon_core.package_identification:_identify(src/custom_cobot_ros2/startup_cobot) by extension 'colcon_pkg'
[0.832s] Level 1:colcon.colcon_core.package_identification:_identify(src/custom_cobot_ros2/startup_cobot) by extensions ['colcon_meta']
[0.832s] Level 1:colcon.colcon_core.package_identification:_identify(src/custom_cobot_ros2/startup_cobot) by extension 'colcon_meta'
[0.832s] Level 1:colcon.colcon_core.package_identification:_identify(src/custom_cobot_ros2/startup_cobot) by extensions ['ros']
[0.832s] Level 1:colcon.colcon_core.package_identification:_identify(src/custom_cobot_ros2/startup_cobot) by extension 'ros'
[0.833s] DEBUG:colcon.colcon_core.package_identification:Package 'src/custom_cobot_ros2/startup_cobot' with type 'ros.ament_cmake' and name 'startup_cobot'
[0.833s] Level 1:colcon.colcon_core.package_identification:_identify(src/custom_cobot_ros2/system_tests_custom_cobot) by extensions ['ignore', 'ignore_ament_install']
[0.833s] Level 1:colcon.colcon_core.package_identification:_identify(src/custom_cobot_ros2/system_tests_custom_cobot) by extension 'ignore'
[0.833s] Level 1:colcon.colcon_core.package_identification:_identify(src/custom_cobot_ros2/system_tests_custom_cobot) by extension 'ignore_ament_install'
[0.833s] Level 1:colcon.colcon_core.package_identification:_identify(src/custom_cobot_ros2/system_tests_custom_cobot) by extensions ['colcon_pkg']
[0.833s] Level 1:colcon.colcon_core.package_identification:_identify(src/custom_cobot_ros2/system_tests_custom_cobot) by extension 'colcon_pkg'
[0.833s] Level 1:colcon.colcon_core.package_identification:_identify(src/custom_cobot_ros2/system_tests_custom_cobot) by extensions ['colcon_meta']
[0.833s] Level 1:colcon.colcon_core.package_identification:_identify(src/custom_cobot_ros2/system_tests_custom_cobot) by extension 'colcon_meta'
[0.833s] Level 1:colcon.colcon_core.package_identification:_identify(src/custom_cobot_ros2/system_tests_custom_cobot) by extensions ['ros']
[0.833s] Level 1:colcon.colcon_core.package_identification:_identify(src/custom_cobot_ros2/system_tests_custom_cobot) by extension 'ros'
[0.833s] DEBUG:colcon.colcon_core.package_identification:Package 'src/custom_cobot_ros2/system_tests_custom_cobot' with type 'ros.ament_cmake' and name 'system_tests_custom_cobot'
[0.833s] Level 1:colcon.colcon_core.package_discovery:discover_packages(recursive) using defaults
[0.833s] Level 1:colcon.colcon_core.package_discovery:discover_packages(ignore) discover
[0.833s] Level 1:colcon.colcon_core.package_discovery:discover_packages(ignore) using defaults
[0.833s] Level 1:colcon.colcon_core.package_discovery:discover_packages(path) discover
[0.833s] Level 1:colcon.colcon_core.package_discovery:discover_packages(path) using defaults
[0.881s] Level 1:colcon.colcon_core.package_discovery:discover_packages(prefix_path) check parameters
[0.881s] Level 1:colcon.colcon_core.package_discovery:discover_packages(prefix_path) discover
[0.888s] DEBUG:colcon.colcon_installed_package_information.package_discovery:Found 409 installed packages in /opt/ros/jazzy
[0.889s] Level 1:colcon.colcon_core.package_discovery:discover_packages(prefix_path) using defaults
[0.932s] Level 5:colcon.colcon_core.verb:set package 'description_cobot' build argument 'cmake_args' from command line to 'None'
[0.932s] Level 5:colcon.colcon_core.verb:set package 'description_cobot' build argument 'cmake_target' from command line to 'None'
[0.932s] Level 5:colcon.colcon_core.verb:set package 'description_cobot' build argument 'cmake_target_skip_unavailable' from command line to 'False'
[0.932s] Level 5:colcon.colcon_core.verb:set package 'description_cobot' build argument 'cmake_clean_cache' from command line to 'False'
[0.932s] Level 5:colcon.colcon_core.verb:set package 'description_cobot' build argument 'cmake_clean_first' from command line to 'False'
[0.932s] Level 5:colcon.colcon_core.verb:set package 'description_cobot' build argument 'cmake_force_configure' from command line to 'False'
[0.932s] Level 5:colcon.colcon_core.verb:set package 'description_cobot' build argument 'ament_cmake_args' from command line to 'None'
[0.932s] Level 5:colcon.colcon_core.verb:set package 'description_cobot' build argument 'catkin_cmake_args' from command line to 'None'
[0.932s] Level 5:colcon.colcon_core.verb:set package 'description_cobot' build argument 'catkin_skip_building_tests' from command line to 'False'
[0.932s] DEBUG:colcon.colcon_core.verb:Building package 'description_cobot' with the following arguments: {'ament_cmake_args': None, 'build_base': '/home/mj/ros2_rviz_urbot/build/description_cobot', 'catkin_cmake_args': None, 'catkin_skip_building_tests': False, 'cmake_args': None, 'cmake_clean_cache': False, 'cmake_clean_first': False, 'cmake_force_configure': False, 'cmake_target': None, 'cmake_target_skip_unavailable': False, 'install_base': '/home/mj/ros2_rviz_urbot/install/description_cobot', 'merge_install': False, 'path': '/home/mj/ros2_rviz_urbot/src/custom_cobot_ros2/description_cobot', 'symlink_install': False, 'test_result_base': None}
[0.933s] Level 5:colcon.colcon_core.verb:set package 'gazebo_custom_cobot' build argument 'cmake_args' from command line to 'None'
[0.933s] Level 5:colcon.colcon_core.verb:set package 'gazebo_custom_cobot' build argument 'cmake_target' from command line to 'None'
[0.933s] Level 5:colcon.colcon_core.verb:set package 'gazebo_custom_cobot' build argument 'cmake_target_skip_unavailable' from command line to 'False'
[0.933s] Level 5:colcon.colcon_core.verb:set package 'gazebo_custom_cobot' build argument 'cmake_clean_cache' from command line to 'False'
[0.933s] Level 5:colcon.colcon_core.verb:set package 'gazebo_custom_cobot' build argument 'cmake_clean_first' from command line to 'False'
[0.933s] Level 5:colcon.colcon_core.verb:set package 'gazebo_custom_cobot' build argument 'cmake_force_configure' from command line to 'False'
[0.933s] Level 5:colcon.colcon_core.verb:set package 'gazebo_custom_cobot' build argument 'ament_cmake_args' from command line to 'None'
[0.933s] Level 5:colcon.colcon_core.verb:set package 'gazebo_custom_cobot' build argument 'catkin_cmake_args' from command line to 'None'
[0.933s] Level 5:colcon.colcon_core.verb:set package 'gazebo_custom_cobot' build argument 'catkin_skip_building_tests' from command line to 'False'
[0.933s] DEBUG:colcon.colcon_core.verb:Building package 'gazebo_custom_cobot' with the following arguments: {'ament_cmake_args': None, 'build_base': '/home/mj/ros2_rviz_urbot/build/gazebo_custom_cobot', 'catkin_cmake_args': None, 'catkin_skip_building_tests': False, 'cmake_args': None, 'cmake_clean_cache': False, 'cmake_clean_first': False, 'cmake_force_configure': False, 'cmake_target': None, 'cmake_target_skip_unavailable': False, 'install_base': '/home/mj/ros2_rviz_urbot/install/gazebo_custom_cobot', 'merge_install': False, 'path': '/home/mj/ros2_rviz_urbot/src/custom_cobot_ros2/gazebo_custom_cobot', 'symlink_install': False, 'test_result_base': None}
[0.933s] Level 5:colcon.colcon_core.verb:set package 'moveit_config_custom_cobot' build argument 'cmake_args' from command line to 'None'
[0.933s] Level 5:colcon.colcon_core.verb:set package 'moveit_config_custom_cobot' build argument 'cmake_target' from command line to 'None'
[0.933s] Level 5:colcon.colcon_core.verb:set package 'moveit_config_custom_cobot' build argument 'cmake_target_skip_unavailable' from command line to 'False'
[0.933s] Level 5:colcon.colcon_core.verb:set package 'moveit_config_custom_cobot' build argument 'cmake_clean_cache' from command line to 'False'
[0.933s] Level 5:colcon.colcon_core.verb:set package 'moveit_config_custom_cobot' build argument 'cmake_clean_first' from command line to 'False'
[0.933s] Level 5:colcon.colcon_core.verb:set package 'moveit_config_custom_cobot' build argument 'cmake_force_configure' from command line to 'False'
[0.933s] Level 5:colcon.colcon_core.verb:set package 'moveit_config_custom_cobot' build argument 'ament_cmake_args' from command line to 'None'
[0.933s] Level 5:colcon.colcon_core.verb:set package 'moveit_config_custom_cobot' build argument 'catkin_cmake_args' from command line to 'None'
[0.933s] Level 5:colcon.colcon_core.verb:set package 'moveit_config_custom_cobot' build argument 'catkin_skip_building_tests' from command line to 'False'
[0.933s] DEBUG:colcon.colcon_core.verb:Building package 'moveit_config_custom_cobot' with the following arguments: {'ament_cmake_args': None, 'build_base': '/home/mj/ros2_rviz_urbot/build/moveit_config_custom_cobot', 'catkin_cmake_args': None, 'catkin_skip_building_tests': False, 'cmake_args': None, 'cmake_clean_cache': False, 'cmake_clean_first': False, 'cmake_force_configure': False, 'cmake_target': None, 'cmake_target_skip_unavailable': False, 'install_base': '/home/mj/ros2_rviz_urbot/install/moveit_config_custom_cobot', 'merge_install': False, 'path': '/home/mj/ros2_rviz_urbot/src/custom_cobot_ros2/moveit_config_custom_cobot', 'symlink_install': False, 'test_result_base': None}
[0.933s] Level 5:colcon.colcon_core.verb:set package 'startup_cobot' build argument 'cmake_args' from command line to 'None'
[0.933s] Level 5:colcon.colcon_core.verb:set package 'startup_cobot' build argument 'cmake_target' from command line to 'None'
[0.933s] Level 5:colcon.colcon_core.verb:set package 'startup_cobot' build argument 'cmake_target_skip_unavailable' from command line to 'False'
[0.933s] Level 5:colcon.colcon_core.verb:set package 'startup_cobot' build argument 'cmake_clean_cache' from command line to 'False'
[0.933s] Level 5:colcon.colcon_core.verb:set package 'startup_cobot' build argument 'cmake_clean_first' from command line to 'False'
[0.933s] Level 5:colcon.colcon_core.verb:set package 'startup_cobot' build argument 'cmake_force_configure' from command line to 'False'
[0.933s] Level 5:colcon.colcon_core.verb:set package 'startup_cobot' build argument 'ament_cmake_args' from command line to 'None'
[0.933s] Level 5:colcon.colcon_core.verb:set package 'startup_cobot' build argument 'catkin_cmake_args' from command line to 'None'
[0.933s] Level 5:colcon.colcon_core.verb:set package 'startup_cobot' build argument 'catkin_skip_building_tests' from command line to 'False'
[0.933s] DEBUG:colcon.colcon_core.verb:Building package 'startup_cobot' with the following arguments: {'ament_cmake_args': None, 'build_base': '/home/mj/ros2_rviz_urbot/build/startup_cobot', 'catkin_cmake_args': None, 'catkin_skip_building_tests': False, 'cmake_args': None, 'cmake_clean_cache': False, 'cmake_clean_first': False, 'cmake_force_configure': False, 'cmake_target': None, 'cmake_target_skip_unavailable': False, 'install_base': '/home/mj/ros2_rviz_urbot/install/startup_cobot', 'merge_install': False, 'path': '/home/mj/ros2_rviz_urbot/src/custom_cobot_ros2/startup_cobot', 'symlink_install': False, 'test_result_base': None}
[0.934s] Level 5:colcon.colcon_core.verb:set package 'system_tests_custom_cobot' build argument 'cmake_args' from command line to 'None'
[0.934s] Level 5:colcon.colcon_core.verb:set package 'system_tests_custom_cobot' build argument 'cmake_target' from command line to 'None'
[0.934s] Level 5:colcon.colcon_core.verb:set package 'system_tests_custom_cobot' build argument 'cmake_target_skip_unavailable' from command line to 'False'
[0.934s] Level 5:colcon.colcon_core.verb:set package 'system_tests_custom_cobot' build argument 'cmake_clean_cache' from command line to 'False'
[0.934s] Level 5:colcon.colcon_core.verb:set package 'system_tests_custom_cobot' build argument 'cmake_clean_first' from command line to 'False'
[0.934s] Level 5:colcon.colcon_core.verb:set package 'system_tests_custom_cobot' build argument 'cmake_force_configure' from command line to 'False'
[0.934s] Level 5:colcon.colcon_core.verb:set package 'system_tests_custom_cobot' build argument 'ament_cmake_args' from command line to 'None'
[0.934s] Level 5:colcon.colcon_core.verb:set package 'system_tests_custom_cobot' build argument 'catkin_cmake_args' from command line to 'None'
[0.934s] Level 5:colcon.colcon_core.verb:set package 'system_tests_custom_cobot' build argument 'catkin_skip_building_tests' from command line to 'False'
[0.934s] DEBUG:colcon.colcon_core.verb:Building package 'system_tests_custom_cobot' with the following arguments: {'ament_cmake_args': None, 'build_base': '/home/mj/ros2_rviz_urbot/build/system_tests_custom_cobot', 'catkin_cmake_args': None, 'catkin_skip_building_tests': False, 'cmake_args': None, 'cmake_clean_cache': False, 'cmake_clean_first': False, 'cmake_force_configure': False, 'cmake_target': None, 'cmake_target_skip_unavailable': False, 'install_base': '/home/mj/ros2_rviz_urbot/install/system_tests_custom_cobot', 'merge_install': False, 'path': '/home/mj/ros2_rviz_urbot/src/custom_cobot_ros2/system_tests_custom_cobot', 'symlink_install': False, 'test_result_base': None}
[0.934s] Level 5:colcon.colcon_core.verb:set package 'custom_cobot_ros2' build argument 'cmake_args' from command line to 'None'
[0.934s] Level 5:colcon.colcon_core.verb:set package 'custom_cobot_ros2' build argument 'cmake_target' from command line to 'None'
[0.934s] Level 5:colcon.colcon_core.verb:set package 'custom_cobot_ros2' build argument 'cmake_target_skip_unavailable' from command line to 'False'
[0.934s] Level 5:colcon.colcon_core.verb:set package 'custom_cobot_ros2' build argument 'cmake_clean_cache' from command line to 'False'
[0.934s] Level 5:colcon.colcon_core.verb:set package 'custom_cobot_ros2' build argument 'cmake_clean_first' from command line to 'False'
[0.934s] Level 5:colcon.colcon_core.verb:set package 'custom_cobot_ros2' build argument 'cmake_force_configure' from command line to 'False'
[0.934s] Level 5:colcon.colcon_core.verb:set package 'custom_cobot_ros2' build argument 'ament_cmake_args' from command line to 'None'
[0.934s] Level 5:colcon.colcon_core.verb:set package 'custom_cobot_ros2' build argument 'catkin_cmake_args' from command line to 'None'
[0.934s] Level 5:colcon.colcon_core.verb:set package 'custom_cobot_ros2' build argument 'catkin_skip_building_tests' from command line to 'False'
[0.934s] DEBUG:colcon.colcon_core.verb:Building package 'custom_cobot_ros2' with the following arguments: {'ament_cmake_args': None, 'build_base': '/home/mj/ros2_rviz_urbot/build/custom_cobot_ros2', 'catkin_cmake_args': None, 'catkin_skip_building_tests': False, 'cmake_args': None, 'cmake_clean_cache': False, 'cmake_clean_first': False, 'cmake_force_configure': False, 'cmake_target': None, 'cmake_target_skip_unavailable': False, 'install_base': '/home/mj/ros2_rviz_urbot/install/custom_cobot_ros2', 'merge_install': False, 'path': '/home/mj/ros2_rviz_urbot/src/custom_cobot_ros2/custom_cobot_ros2', 'symlink_install': False, 'test_result_base': None}
[0.934s] INFO:colcon.colcon_core.executor:Executing jobs using 'parallel' executor
[0.937s] DEBUG:colcon.colcon_parallel_executor.executor.parallel:run_until_complete
[0.937s] INFO:colcon.colcon_ros.task.ament_cmake.build:Building ROS package in '/home/mj/ros2_rviz_urbot/src/custom_cobot_ros2/description_cobot' with build type 'ament_cmake'
[0.937s] INFO:colcon.colcon_cmake.task.cmake.build:Building CMake package in '/home/mj/ros2_rviz_urbot/src/custom_cobot_ros2/description_cobot'
[0.953s] INFO:colcon.colcon_core.plugin_system:Skipping extension 'colcon_core.shell.bat': Not used on non-Windows systems
[0.953s] INFO:colcon.colcon_core.shell:Skip shell extension 'powershell' for command environment: Not usable outside of PowerShell
[0.953s] DEBUG:colcon.colcon_core.shell:Skip shell extension 'dsv' for command environment
[0.960s] INFO:colcon.colcon_ros.task.ament_cmake.build:Building ROS package in '/home/mj/ros2_rviz_urbot/src/custom_cobot_ros2/gazebo_custom_cobot' with build type 'ament_cmake'
[0.960s] INFO:colcon.colcon_cmake.task.cmake.build:Building CMake package in '/home/mj/ros2_rviz_urbot/src/custom_cobot_ros2/gazebo_custom_cobot'
[0.960s] INFO:colcon.colcon_core.shell:Skip shell extension 'powershell' for command environment: Not usable outside of PowerShell
[0.960s] DEBUG:colcon.colcon_core.shell:Skip shell extension 'dsv' for command environment
[0.965s] INFO:colcon.colcon_ros.task.ament_cmake.build:Building ROS package in '/home/mj/ros2_rviz_urbot/src/custom_cobot_ros2/moveit_config_custom_cobot' with build type 'ament_cmake'
[0.965s] INFO:colcon.colcon_cmake.task.cmake.build:Building CMake package in '/home/mj/ros2_rviz_urbot/src/custom_cobot_ros2/moveit_config_custom_cobot'
[0.965s] INFO:colcon.colcon_core.shell:Skip shell extension 'powershell' for command environment: Not usable outside of PowerShell
[0.965s] DEBUG:colcon.colcon_core.shell:Skip shell extension 'dsv' for command environment
[0.970s] INFO:colcon.colcon_ros.task.ament_cmake.build:Building ROS package in '/home/mj/ros2_rviz_urbot/src/custom_cobot_ros2/startup_cobot' with build type 'ament_cmake'
[0.970s] INFO:colcon.colcon_cmake.task.cmake.build:Building CMake package in '/home/mj/ros2_rviz_urbot/src/custom_cobot_ros2/startup_cobot'
[0.970s] INFO:colcon.colcon_core.shell:Skip shell extension 'powershell' for command environment: Not usable outside of PowerShell
[0.970s] DEBUG:colcon.colcon_core.shell:Skip shell extension 'dsv' for command environment
[1.044s] DEBUG:colcon.colcon_core.event_handler.log_command:Invoking command in '/home/mj/ros2_rviz_urbot/build/description_cobot': CMAKE_PREFIX_PATH=${CMAKE_PREFIX_PATH}:/opt/ros/jazzy DEBUGINFOD_URLS=https://debuginfod.ubuntu.com /usr/bin/cmake /home/mj/ros2_rviz_urbot/src/custom_cobot_ros2/description_cobot -DCMAKE_INSTALL_PREFIX=/home/mj/ros2_rviz_urbot/install/description_cobot
[1.094s] DEBUG:colcon.colcon_core.event_handler.log_command:Invoking command in '/home/mj/ros2_rviz_urbot/build/gazebo_custom_cobot': CMAKE_PREFIX_PATH=${CMAKE_PREFIX_PATH}:/opt/ros/jazzy DEBUGINFOD_URLS=https://debuginfod.ubuntu.com /usr/bin/cmake /home/mj/ros2_rviz_urbot/src/custom_cobot_ros2/gazebo_custom_cobot -DCMAKE_INSTALL_PREFIX=/home/mj/ros2_rviz_urbot/install/gazebo_custom_cobot
[1.111s] DEBUG:colcon.colcon_core.event_handler.log_command:Invoking command in '/home/mj/ros2_rviz_urbot/build/moveit_config_custom_cobot': CMAKE_PREFIX_PATH=${CMAKE_PREFIX_PATH}:/opt/ros/jazzy DEBUGINFOD_URLS=https://debuginfod.ubuntu.com /usr/bin/cmake /home/mj/ros2_rviz_urbot/src/custom_cobot_ros2/moveit_config_custom_cobot -DCMAKE_INSTALL_PREFIX=/home/mj/ros2_rviz_urbot/install/moveit_config_custom_cobot
[1.124s] DEBUG:colcon.colcon_core.event_handler.log_command:Invoking command in '/home/mj/ros2_rviz_urbot/build/startup_cobot': CMAKE_PREFIX_PATH=${CMAKE_PREFIX_PATH}:/opt/ros/jazzy DEBUGINFOD_URLS=https://debuginfod.ubuntu.com /usr/bin/cmake /home/mj/ros2_rviz_urbot/src/custom_cobot_ros2/startup_cobot -DCMAKE_INSTALL_PREFIX=/home/mj/ros2_rviz_urbot/install/startup_cobot
[5.045s] DEBUG:colcon.colcon_core.event_handler.log_command:Invoked command in '/home/mj/ros2_rviz_urbot/build/moveit_config_custom_cobot' returned '0': CMAKE_PREFIX_PATH=${CMAKE_PREFIX_PATH}:/opt/ros/jazzy DEBUGINFOD_URLS=https://debuginfod.ubuntu.com /usr/bin/cmake /home/mj/ros2_rviz_urbot/src/custom_cobot_ros2/moveit_config_custom_cobot -DCMAKE_INSTALL_PREFIX=/home/mj/ros2_rviz_urbot/install/moveit_config_custom_cobot
[5.048s] DEBUG:colcon.colcon_core.event_handler.log_command:Invoking command in '/home/mj/ros2_rviz_urbot/build/moveit_config_custom_cobot': CMAKE_PREFIX_PATH=${CMAKE_PREFIX_PATH}:/opt/ros/jazzy DEBUGINFOD_URLS=https://debuginfod.ubuntu.com /usr/bin/cmake --build /home/mj/ros2_rviz_urbot/build/moveit_config_custom_cobot -- -j4 -l4
[5.066s] DEBUG:colcon.colcon_core.event_handler.log_command:Invoked command in '/home/mj/ros2_rviz_urbot/build/startup_cobot' returned '0': CMAKE_PREFIX_PATH=${CMAKE_PREFIX_PATH}:/opt/ros/jazzy DEBUGINFOD_URLS=https://debuginfod.ubuntu.com /usr/bin/cmake /home/mj/ros2_rviz_urbot/src/custom_cobot_ros2/startup_cobot -DCMAKE_INSTALL_PREFIX=/home/mj/ros2_rviz_urbot/install/startup_cobot
[5.067s] DEBUG:colcon.colcon_core.event_handler.log_command:Invoking command in '/home/mj/ros2_rviz_urbot/build/startup_cobot': CMAKE_PREFIX_PATH=${CMAKE_PREFIX_PATH}:/opt/ros/jazzy DEBUGINFOD_URLS=https://debuginfod.ubuntu.com /usr/bin/cmake --build /home/mj/ros2_rviz_urbot/build/startup_cobot -- -j4 -l4
[5.070s] DEBUG:colcon.colcon_core.event_handler.log_command:Invoked command in '/home/mj/ros2_rviz_urbot/build/description_cobot' returned '0': CMAKE_PREFIX_PATH=${CMAKE_PREFIX_PATH}:/opt/ros/jazzy DEBUGINFOD_URLS=https://debuginfod.ubuntu.com /usr/bin/cmake /home/mj/ros2_rviz_urbot/src/custom_cobot_ros2/description_cobot -DCMAKE_INSTALL_PREFIX=/home/mj/ros2_rviz_urbot/install/description_cobot
[5.071s] DEBUG:colcon.colcon_core.event_handler.log_command:Invoking command in '/home/mj/ros2_rviz_urbot/build/description_cobot': CMAKE_PREFIX_PATH=${CMAKE_PREFIX_PATH}:/opt/ros/jazzy DEBUGINFOD_URLS=https://debuginfod.ubuntu.com /usr/bin/cmake --build /home/mj/ros2_rviz_urbot/build/description_cobot -- -j4 -l4
[5.151s] DEBUG:colcon.colcon_core.event_handler.log_command:Invoked command in '/home/mj/ros2_rviz_urbot/build/moveit_config_custom_cobot' returned '0': CMAKE_PREFIX_PATH=${CMAKE_PREFIX_PATH}:/opt/ros/jazzy DEBUGINFOD_URLS=https://debuginfod.ubuntu.com /usr/bin/cmake --build /home/mj/ros2_rviz_urbot/build/moveit_config_custom_cobot -- -j4 -l4
[5.168s] DEBUG:colcon.colcon_core.event_handler.log_command:Invoking command in '/home/mj/ros2_rviz_urbot/build/moveit_config_custom_cobot': CMAKE_PREFIX_PATH=${CMAKE_PREFIX_PATH}:/opt/ros/jazzy DEBUGINFOD_URLS=https://debuginfod.ubuntu.com /usr/bin/cmake --install /home/mj/ros2_rviz_urbot/build/moveit_config_custom_cobot
[5.171s] DEBUG:colcon.colcon_core.event_handler.log_command:Invoked command in '/home/mj/ros2_rviz_urbot/build/description_cobot' returned '0': CMAKE_PREFIX_PATH=${CMAKE_PREFIX_PATH}:/opt/ros/jazzy DEBUGINFOD_URLS=https://debuginfod.ubuntu.com /usr/bin/cmake --build /home/mj/ros2_rviz_urbot/build/description_cobot -- -j4 -l4
[5.178s] DEBUG:colcon.colcon_core.event_handler.log_command:Invoking command in '/home/mj/ros2_rviz_urbot/build/description_cobot': CMAKE_PREFIX_PATH=${CMAKE_PREFIX_PATH}:/opt/ros/jazzy DEBUGINFOD_URLS=https://debuginfod.ubuntu.com /usr/bin/cmake --install /home/mj/ros2_rviz_urbot/build/description_cobot
[5.179s] DEBUG:colcon.colcon_core.event_handler.log_command:Invoked command in '/home/mj/ros2_rviz_urbot/build/startup_cobot' returned '0': CMAKE_PREFIX_PATH=${CMAKE_PREFIX_PATH}:/opt/ros/jazzy DEBUGINFOD_URLS=https://debuginfod.ubuntu.com /usr/bin/cmake --build /home/mj/ros2_rviz_urbot/build/startup_cobot -- -j4 -l4
[5.179s] DEBUG:colcon.colcon_core.event_handler.log_command:Invoking command in '/home/mj/ros2_rviz_urbot/build/startup_cobot': CMAKE_PREFIX_PATH=${CMAKE_PREFIX_PATH}:/opt/ros/jazzy DEBUGINFOD_URLS=https://debuginfod.ubuntu.com /usr/bin/cmake --install /home/mj/ros2_rviz_urbot/build/startup_cobot
[5.188s] Level 1:colcon.colcon_core.environment:create_environment_scripts_only(moveit_config_custom_cobot)
[5.221s] DEBUG:colcon.colcon_core.event_handler.log_command:Invoked command in '/home/mj/ros2_rviz_urbot/build/moveit_config_custom_cobot' returned '0': CMAKE_PREFIX_PATH=${CMAKE_PREFIX_PATH}:/opt/ros/jazzy DEBUGINFOD_URLS=https://debuginfod.ubuntu.com /usr/bin/cmake --install /home/mj/ros2_rviz_urbot/build/moveit_config_custom_cobot
[5.276s] Level 1:colcon.colcon_core.environment:checking '/home/mj/ros2_rviz_urbot/install/moveit_config_custom_cobot' for CMake module files
[5.277s] Level 1:colcon.colcon_core.environment:checking '/home/mj/ros2_rviz_urbot/install/moveit_config_custom_cobot' for CMake config files
[5.277s] Level 1:colcon.colcon_core.shell:create_environment_hook('moveit_config_custom_cobot', 'cmake_prefix_path')
[5.277s] INFO:colcon.colcon_core.shell:Creating environment hook '/home/mj/ros2_rviz_urbot/install/moveit_config_custom_cobot/share/moveit_config_custom_cobot/hook/cmake_prefix_path.ps1'
[5.280s] INFO:colcon.colcon_core.shell:Creating environment descriptor '/home/mj/ros2_rviz_urbot/install/moveit_config_custom_cobot/share/moveit_config_custom_cobot/hook/cmake_prefix_path.dsv'
[5.281s] INFO:colcon.colcon_core.shell:Creating environment hook '/home/mj/ros2_rviz_urbot/install/moveit_config_custom_cobot/share/moveit_config_custom_cobot/hook/cmake_prefix_path.sh'
[5.283s] Level 1:colcon.colcon_core.environment:checking '/home/mj/ros2_rviz_urbot/install/moveit_config_custom_cobot/bin'
[5.283s] Level 1:colcon.colcon_core.environment:checking '/home/mj/ros2_rviz_urbot/install/moveit_config_custom_cobot/lib/pkgconfig/moveit_config_custom_cobot.pc'
[5.283s] Level 1:colcon.colcon_core.environment:checking '/home/mj/ros2_rviz_urbot/install/moveit_config_custom_cobot/lib/python3.12/site-packages'
[5.283s] Level 1:colcon.colcon_core.environment:checking '/home/mj/ros2_rviz_urbot/install/moveit_config_custom_cobot/bin'
[5.283s] INFO:colcon.colcon_core.shell:Creating package script '/home/mj/ros2_rviz_urbot/install/moveit_config_custom_cobot/share/moveit_config_custom_cobot/package.ps1'
[5.285s] INFO:colcon.colcon_core.shell:Creating package descriptor '/home/mj/ros2_rviz_urbot/install/moveit_config_custom_cobot/share/moveit_config_custom_cobot/package.dsv'
[5.287s] INFO:colcon.colcon_core.shell:Creating package script '/home/mj/ros2_rviz_urbot/install/moveit_config_custom_cobot/share/moveit_config_custom_cobot/package.sh'
[5.288s] INFO:colcon.colcon_core.shell:Creating package script '/home/mj/ros2_rviz_urbot/install/moveit_config_custom_cobot/share/moveit_config_custom_cobot/package.bash'
[5.292s] INFO:colcon.colcon_core.shell:Creating package script '/home/mj/ros2_rviz_urbot/install/moveit_config_custom_cobot/share/moveit_config_custom_cobot/package.zsh'
[5.308s] Level 1:colcon.colcon_core.environment:create_file_with_runtime_dependencies(/home/mj/ros2_rviz_urbot/install/moveit_config_custom_cobot/share/colcon-core/packages/moveit_config_custom_cobot)
[5.318s] Level 1:colcon.colcon_core.environment:create_environment_scripts_only(moveit_config_custom_cobot)
[5.321s] Level 1:colcon.colcon_core.environment:checking '/home/mj/ros2_rviz_urbot/install/moveit_config_custom_cobot' for CMake module files
[5.322s] Level 1:colcon.colcon_core.environment:checking '/home/mj/ros2_rviz_urbot/install/moveit_config_custom_cobot' for CMake config files
[5.323s] Level 1:colcon.colcon_core.shell:create_environment_hook('moveit_config_custom_cobot', 'cmake_prefix_path')
[5.324s] INFO:colcon.colcon_core.shell:Creating environment hook '/home/mj/ros2_rviz_urbot/install/moveit_config_custom_cobot/share/moveit_config_custom_cobot/hook/cmake_prefix_path.ps1'
[5.328s] INFO:colcon.colcon_core.shell:Creating environment descriptor '/home/mj/ros2_rviz_urbot/install/moveit_config_custom_cobot/share/moveit_config_custom_cobot/hook/cmake_prefix_path.dsv'
[5.349s] INFO:colcon.colcon_core.shell:Creating environment hook '/home/mj/ros2_rviz_urbot/install/moveit_config_custom_cobot/share/moveit_config_custom_cobot/hook/cmake_prefix_path.sh'
[5.353s] Level 1:colcon.colcon_core.environment:checking '/home/mj/ros2_rviz_urbot/install/moveit_config_custom_cobot/bin'
[5.353s] Level 1:colcon.colcon_core.environment:checking '/home/mj/ros2_rviz_urbot/install/moveit_config_custom_cobot/lib/pkgconfig/moveit_config_custom_cobot.pc'
[5.353s] Level 1:colcon.colcon_core.environment:checking '/home/mj/ros2_rviz_urbot/install/moveit_config_custom_cobot/lib/python3.12/site-packages'
[5.353s] Level 1:colcon.colcon_core.environment:checking '/home/mj/ros2_rviz_urbot/install/moveit_config_custom_cobot/bin'
[5.354s] INFO:colcon.colcon_core.shell:Creating package script '/home/mj/ros2_rviz_urbot/install/moveit_config_custom_cobot/share/moveit_config_custom_cobot/package.ps1'
[5.355s] INFO:colcon.colcon_core.shell:Creating package descriptor '/home/mj/ros2_rviz_urbot/install/moveit_config_custom_cobot/share/moveit_config_custom_cobot/package.dsv'
[5.356s] INFO:colcon.colcon_core.shell:Creating package script '/home/mj/ros2_rviz_urbot/install/moveit_config_custom_cobot/share/moveit_config_custom_cobot/package.sh'
[5.357s] INFO:colcon.colcon_core.shell:Creating package script '/home/mj/ros2_rviz_urbot/install/moveit_config_custom_cobot/share/moveit_config_custom_cobot/package.bash'
[5.365s] INFO:colcon.colcon_core.shell:Creating package script '/home/mj/ros2_rviz_urbot/install/moveit_config_custom_cobot/share/moveit_config_custom_cobot/package.zsh'
[5.367s] Level 1:colcon.colcon_core.environment:create_file_with_runtime_dependencies(/home/mj/ros2_rviz_urbot/install/moveit_config_custom_cobot/share/colcon-core/packages/moveit_config_custom_cobot)
[5.368s] INFO:colcon.colcon_ros.task.ament_cmake.build:Building ROS package in '/home/mj/ros2_rviz_urbot/src/custom_cobot_ros2/system_tests_custom_cobot' with build type 'ament_cmake'
[5.368s] INFO:colcon.colcon_cmake.task.cmake.build:Building CMake package in '/home/mj/ros2_rviz_urbot/src/custom_cobot_ros2/system_tests_custom_cobot'
[5.368s] INFO:colcon.colcon_core.shell:Skip shell extension 'powershell' for command environment: Not usable outside of PowerShell
[5.369s] DEBUG:colcon.colcon_core.shell:Skip shell extension 'dsv' for command environment
[5.377s] Level 1:colcon.colcon_core.environment:create_environment_scripts_only(description_cobot)
[5.377s] Level 1:colcon.colcon_core.environment:checking '/home/mj/ros2_rviz_urbot/install/description_cobot' for CMake module files
[5.378s] DEBUG:colcon.colcon_core.event_handler.log_command:Invoked command in '/home/mj/ros2_rviz_urbot/build/description_cobot' returned '0': CMAKE_PREFIX_PATH=${CMAKE_PREFIX_PATH}:/opt/ros/jazzy DEBUGINFOD_URLS=https://debuginfod.ubuntu.com /usr/bin/cmake --install /home/mj/ros2_rviz_urbot/build/description_cobot
[5.378s] Level 1:colcon.colcon_core.environment:checking '/home/mj/ros2_rviz_urbot/install/description_cobot' for CMake config files
[5.379s] Level 1:colcon.colcon_core.shell:create_environment_hook('description_cobot', 'cmake_prefix_path')
[5.379s] INFO:colcon.colcon_core.shell:Creating environment hook '/home/mj/ros2_rviz_urbot/install/description_cobot/share/description_cobot/hook/cmake_prefix_path.ps1'
[5.379s] INFO:colcon.colcon_core.shell:Creating environment descriptor '/home/mj/ros2_rviz_urbot/install/description_cobot/share/description_cobot/hook/cmake_prefix_path.dsv'
[5.380s] INFO:colcon.colcon_core.shell:Creating environment hook '/home/mj/ros2_rviz_urbot/install/description_cobot/share/description_cobot/hook/cmake_prefix_path.sh'
[5.381s] Level 1:colcon.colcon_core.environment:checking '/home/mj/ros2_rviz_urbot/install/description_cobot/bin'
[5.381s] Level 1:colcon.colcon_core.environment:checking '/home/mj/ros2_rviz_urbot/install/description_cobot/lib/pkgconfig/description_cobot.pc'
[5.381s] Level 1:colcon.colcon_core.environment:checking '/home/mj/ros2_rviz_urbot/install/description_cobot/lib/python3.12/site-packages'
[5.381s] Level 1:colcon.colcon_core.environment:checking '/home/mj/ros2_rviz_urbot/install/description_cobot/bin'
[5.381s] INFO:colcon.colcon_core.shell:Creating package script '/home/mj/ros2_rviz_urbot/install/description_cobot/share/description_cobot/package.ps1'
[5.382s] INFO:colcon.colcon_core.shell:Creating package descriptor '/home/mj/ros2_rviz_urbot/install/description_cobot/share/description_cobot/package.dsv'
[5.383s] INFO:colcon.colcon_core.shell:Creating package script '/home/mj/ros2_rviz_urbot/install/description_cobot/share/description_cobot/package.sh'
[5.384s] INFO:colcon.colcon_core.shell:Creating package script '/home/mj/ros2_rviz_urbot/install/description_cobot/share/description_cobot/package.bash'
[5.385s] INFO:colcon.colcon_core.shell:Creating package script '/home/mj/ros2_rviz_urbot/install/description_cobot/share/description_cobot/package.zsh'
[5.385s] Level 1:colcon.colcon_core.environment:create_file_with_runtime_dependencies(/home/mj/ros2_rviz_urbot/install/description_cobot/share/colcon-core/packages/description_cobot)
[5.385s] Level 1:colcon.colcon_core.environment:create_environment_scripts_only(description_cobot)
[5.386s] Level 1:colcon.colcon_core.environment:checking '/home/mj/ros2_rviz_urbot/install/description_cobot' for CMake module files
[5.387s] Level 1:colcon.colcon_core.environment:checking '/home/mj/ros2_rviz_urbot/install/description_cobot' for CMake config files
[5.387s] Level 1:colcon.colcon_core.shell:create_environment_hook('description_cobot', 'cmake_prefix_path')
[5.387s] INFO:colcon.colcon_core.shell:Creating environment hook '/home/mj/ros2_rviz_urbot/install/description_cobot/share/description_cobot/hook/cmake_prefix_path.ps1'
[5.388s] INFO:colcon.colcon_core.shell:Creating environment descriptor '/home/mj/ros2_rviz_urbot/install/description_cobot/share/description_cobot/hook/cmake_prefix_path.dsv'
[5.389s] INFO:colcon.colcon_core.shell:Creating environment hook '/home/mj/ros2_rviz_urbot/install/description_cobot/share/description_cobot/hook/cmake_prefix_path.sh'
[5.389s] Level 1:colcon.colcon_core.environment:checking '/home/mj/ros2_rviz_urbot/install/description_cobot/bin'
[5.390s] Level 1:colcon.colcon_core.environment:checking '/home/mj/ros2_rviz_urbot/install/description_cobot/lib/pkgconfig/description_cobot.pc'
[5.390s] Level 1:colcon.colcon_core.environment:checking '/home/mj/ros2_rviz_urbot/install/description_cobot/lib/python3.12/site-packages'
[5.390s] Level 1:colcon.colcon_core.environment:checking '/home/mj/ros2_rviz_urbot/install/description_cobot/bin'
[5.390s] INFO:colcon.colcon_core.shell:Creating package script '/home/mj/ros2_rviz_urbot/install/description_cobot/share/description_cobot/package.ps1'
[5.391s] INFO:colcon.colcon_core.shell:Creating package descriptor '/home/mj/ros2_rviz_urbot/install/description_cobot/share/description_cobot/package.dsv'
[5.392s] INFO:colcon.colcon_core.shell:Creating package script '/home/mj/ros2_rviz_urbot/install/description_cobot/share/description_cobot/package.sh'
[5.393s] INFO:colcon.colcon_core.shell:Creating package script '/home/mj/ros2_rviz_urbot/install/description_cobot/share/description_cobot/package.bash'
[5.394s] INFO:colcon.colcon_core.shell:Creating package script '/home/mj/ros2_rviz_urbot/install/description_cobot/share/description_cobot/package.zsh'
[5.394s] Level 1:colcon.colcon_core.environment:create_file_with_runtime_dependencies(/home/mj/ros2_rviz_urbot/install/description_cobot/share/colcon-core/packages/description_cobot)
[5.395s] Level 1:colcon.colcon_core.environment:create_environment_scripts_only(startup_cobot)
[5.395s] Level 1:colcon.colcon_core.environment:checking '/home/mj/ros2_rviz_urbot/install/startup_cobot' for CMake module files
[5.396s] DEBUG:colcon.colcon_core.event_handler.log_command:Invoked command in '/home/mj/ros2_rviz_urbot/build/startup_cobot' returned '0': CMAKE_PREFIX_PATH=${CMAKE_PREFIX_PATH}:/opt/ros/jazzy DEBUGINFOD_URLS=https://debuginfod.ubuntu.com /usr/bin/cmake --install /home/mj/ros2_rviz_urbot/build/startup_cobot
[5.397s] Level 1:colcon.colcon_core.environment:checking '/home/mj/ros2_rviz_urbot/install/startup_cobot' for CMake config files
[5.397s] Level 1:colcon.colcon_core.shell:create_environment_hook('startup_cobot', 'cmake_prefix_path')
[5.397s] INFO:colcon.colcon_core.shell:Creating environment hook '/home/mj/ros2_rviz_urbot/install/startup_cobot/share/startup_cobot/hook/cmake_prefix_path.ps1'
[5.398s] INFO:colcon.colcon_core.shell:Creating environment descriptor '/home/mj/ros2_rviz_urbot/install/startup_cobot/share/startup_cobot/hook/cmake_prefix_path.dsv'
[5.398s] INFO:colcon.colcon_core.shell:Creating environment hook '/home/mj/ros2_rviz_urbot/install/startup_cobot/share/startup_cobot/hook/cmake_prefix_path.sh'
[5.398s] Level 1:colcon.colcon_core.environment:checking '/home/mj/ros2_rviz_urbot/install/startup_cobot/bin'
[5.398s] Level 1:colcon.colcon_core.environment:checking '/home/mj/ros2_rviz_urbot/install/startup_cobot/lib/pkgconfig/startup_cobot.pc'
[5.398s] Level 1:colcon.colcon_core.environment:checking '/home/mj/ros2_rviz_urbot/install/startup_cobot/lib/python3.12/site-packages'
[5.399s] Level 1:colcon.colcon_core.environment:checking '/home/mj/ros2_rviz_urbot/install/startup_cobot/bin'
[5.399s] INFO:colcon.colcon_core.shell:Creating package script '/home/mj/ros2_rviz_urbot/install/startup_cobot/share/startup_cobot/package.ps1'
[5.400s] INFO:colcon.colcon_core.shell:Creating package descriptor '/home/mj/ros2_rviz_urbot/install/startup_cobot/share/startup_cobot/package.dsv'
[5.400s] INFO:colcon.colcon_core.shell:Creating package script '/home/mj/ros2_rviz_urbot/install/startup_cobot/share/startup_cobot/package.sh'
[5.402s] INFO:colcon.colcon_core.shell:Creating package script '/home/mj/ros2_rviz_urbot/install/startup_cobot/share/startup_cobot/package.bash'
[5.408s] INFO:colcon.colcon_core.shell:Creating package script '/home/mj/ros2_rviz_urbot/install/startup_cobot/share/startup_cobot/package.zsh'
[5.409s] Level 1:colcon.colcon_core.environment:create_file_with_runtime_dependencies(/home/mj/ros2_rviz_urbot/install/startup_cobot/share/colcon-core/packages/startup_cobot)
[5.412s] Level 1:colcon.colcon_core.environment:create_environment_scripts_only(startup_cobot)
[5.412s] Level 1:colcon.colcon_core.environment:checking '/home/mj/ros2_rviz_urbot/install/startup_cobot' for CMake module files
[5.412s] Level 1:colcon.colcon_core.environment:checking '/home/mj/ros2_rviz_urbot/install/startup_cobot' for CMake config files
[5.412s] Level 1:colcon.colcon_core.shell:create_environment_hook('startup_cobot', 'cmake_prefix_path')
[5.412s] INFO:colcon.colcon_core.shell:Creating environment hook '/home/mj/ros2_rviz_urbot/install/startup_cobot/share/startup_cobot/hook/cmake_prefix_path.ps1'
[5.417s] INFO:colcon.colcon_core.shell:Creating environment descriptor '/home/mj/ros2_rviz_urbot/install/startup_cobot/share/startup_cobot/hook/cmake_prefix_path.dsv'
[5.418s] INFO:colcon.colcon_core.shell:Creating environment hook '/home/mj/ros2_rviz_urbot/install/startup_cobot/share/startup_cobot/hook/cmake_prefix_path.sh'
[5.420s] Level 1:colcon.colcon_core.environment:checking '/home/mj/ros2_rviz_urbot/install/startup_cobot/bin'
[5.420s] Level 1:colcon.colcon_core.environment:checking '/home/mj/ros2_rviz_urbot/install/startup_cobot/lib/pkgconfig/startup_cobot.pc'
[5.420s] Level 1:colcon.colcon_core.environment:checking '/home/mj/ros2_rviz_urbot/install/startup_cobot/lib/python3.12/site-packages'
[5.420s] Level 1:colcon.colcon_core.environment:checking '/home/mj/ros2_rviz_urbot/install/startup_cobot/bin'
[5.421s] INFO:colcon.colcon_core.shell:Creating package script '/home/mj/ros2_rviz_urbot/install/startup_cobot/share/startup_cobot/package.ps1'
[5.424s] INFO:colcon.colcon_core.shell:Creating package descriptor '/home/mj/ros2_rviz_urbot/install/startup_cobot/share/startup_cobot/package.dsv'
[5.427s] INFO:colcon.colcon_core.shell:Creating package script '/home/mj/ros2_rviz_urbot/install/startup_cobot/share/startup_cobot/package.sh'
[5.428s] INFO:colcon.colcon_core.shell:Creating package script '/home/mj/ros2_rviz_urbot/install/startup_cobot/share/startup_cobot/package.bash'
[5.441s] INFO:colcon.colcon_core.shell:Creating package script '/home/mj/ros2_rviz_urbot/install/startup_cobot/share/startup_cobot/package.zsh'
[5.443s] Level 1:colcon.colcon_core.environment:create_file_with_runtime_dependencies(/home/mj/ros2_rviz_urbot/install/startup_cobot/share/colcon-core/packages/startup_cobot)
[5.451s] DEBUG:colcon.colcon_core.event_handler.log_command:Invoking command in '/home/mj/ros2_rviz_urbot/build/system_tests_custom_cobot': CMAKE_PREFIX_PATH=${CMAKE_PREFIX_PATH}:/opt/ros/jazzy DEBUGINFOD_URLS=https://debuginfod.ubuntu.com /usr/bin/cmake /home/mj/ros2_rviz_urbot/src/custom_cobot_ros2/system_tests_custom_cobot -DCMAKE_INSTALL_PREFIX=/home/mj/ros2_rviz_urbot/install/system_tests_custom_cobot
[7.765s] DEBUG:colcon.colcon_core.event_handler.log_command:Invoked command in '/home/mj/ros2_rviz_urbot/build/system_tests_custom_cobot' returned '0': CMAKE_PREFIX_PATH=${CMAKE_PREFIX_PATH}:/opt/ros/jazzy DEBUGINFOD_URLS=https://debuginfod.ubuntu.com /usr/bin/cmake /home/mj/ros2_rviz_urbot/src/custom_cobot_ros2/system_tests_custom_cobot -DCMAKE_INSTALL_PREFIX=/home/mj/ros2_rviz_urbot/install/system_tests_custom_cobot
[7.765s] DEBUG:colcon.colcon_core.event_handler.log_command:Invoking command in '/home/mj/ros2_rviz_urbot/build/system_tests_custom_cobot': CMAKE_PREFIX_PATH=${CMAKE_PREFIX_PATH}:/opt/ros/jazzy DEBUGINFOD_URLS=https://debuginfod.ubuntu.com /usr/bin/cmake --build /home/mj/ros2_rviz_urbot/build/system_tests_custom_cobot -- -j4 -l4
[7.961s] DEBUG:colcon.colcon_core.event_handler.log_command:Invoked command in '/home/mj/ros2_rviz_urbot/build/system_tests_custom_cobot' returned '0': CMAKE_PREFIX_PATH=${CMAKE_PREFIX_PATH}:/opt/ros/jazzy DEBUGINFOD_URLS=https://debuginfod.ubuntu.com /usr/bin/cmake --build /home/mj/ros2_rviz_urbot/build/system_tests_custom_cobot -- -j4 -l4
[7.962s] DEBUG:colcon.colcon_core.event_handler.log_command:Invoking command in '/home/mj/ros2_rviz_urbot/build/system_tests_custom_cobot': CMAKE_PREFIX_PATH=${CMAKE_PREFIX_PATH}:/opt/ros/jazzy DEBUGINFOD_URLS=https://debuginfod.ubuntu.com /usr/bin/cmake --install /home/mj/ros2_rviz_urbot/build/system_tests_custom_cobot
[8.000s] Level 1:colcon.colcon_core.environment:create_environment_scripts_only(system_tests_custom_cobot)
[8.009s] Level 1:colcon.colcon_core.environment:checking '/home/mj/ros2_rviz_urbot/install/system_tests_custom_cobot' for CMake module files
[8.012s] Level 1:colcon.colcon_core.environment:checking '/home/mj/ros2_rviz_urbot/install/system_tests_custom_cobot' for CMake config files
[8.014s] Level 1:colcon.colcon_core.shell:create_environment_hook('system_tests_custom_cobot', 'cmake_prefix_path')
[8.014s] INFO:colcon.colcon_core.shell:Creating environment hook '/home/mj/ros2_rviz_urbot/install/system_tests_custom_cobot/share/system_tests_custom_cobot/hook/cmake_prefix_path.ps1'
[8.015s] DEBUG:colcon.colcon_core.event_handler.log_command:Invoked command in '/home/mj/ros2_rviz_urbot/build/system_tests_custom_cobot' returned '0': CMAKE_PREFIX_PATH=${CMAKE_PREFIX_PATH}:/opt/ros/jazzy DEBUGINFOD_URLS=https://debuginfod.ubuntu.com /usr/bin/cmake --install /home/mj/ros2_rviz_urbot/build/system_tests_custom_cobot
[8.016s] INFO:colcon.colcon_core.shell:Creating environment descriptor '/home/mj/ros2_rviz_urbot/install/system_tests_custom_cobot/share/system_tests_custom_cobot/hook/cmake_prefix_path.dsv'
[8.023s] INFO:colcon.colcon_core.shell:Creating environment hook '/home/mj/ros2_rviz_urbot/install/system_tests_custom_cobot/share/system_tests_custom_cobot/hook/cmake_prefix_path.sh'
[8.027s] Level 1:colcon.colcon_core.environment:checking '/home/mj/ros2_rviz_urbot/install/system_tests_custom_cobot/bin'
[8.027s] Level 1:colcon.colcon_core.environment:checking '/home/mj/ros2_rviz_urbot/install/system_tests_custom_cobot/lib/pkgconfig/system_tests_custom_cobot.pc'
[8.027s] Level 1:colcon.colcon_core.environment:checking '/home/mj/ros2_rviz_urbot/install/system_tests_custom_cobot/lib/python3.12/site-packages'
[8.027s] Level 1:colcon.colcon_core.environment:checking '/home/mj/ros2_rviz_urbot/install/system_tests_custom_cobot/bin'
[8.027s] INFO:colcon.colcon_core.shell:Creating package script '/home/mj/ros2_rviz_urbot/install/system_tests_custom_cobot/share/system_tests_custom_cobot/package.ps1'
[8.028s] INFO:colcon.colcon_core.shell:Creating package descriptor '/home/mj/ros2_rviz_urbot/install/system_tests_custom_cobot/share/system_tests_custom_cobot/package.dsv'
[8.029s] INFO:colcon.colcon_core.shell:Creating package script '/home/mj/ros2_rviz_urbot/install/system_tests_custom_cobot/share/system_tests_custom_cobot/package.sh'
[8.029s] INFO:colcon.colcon_core.shell:Creating package script '/home/mj/ros2_rviz_urbot/install/system_tests_custom_cobot/share/system_tests_custom_cobot/package.bash'
[8.030s] INFO:colcon.colcon_core.shell:Creating package script '/home/mj/ros2_rviz_urbot/install/system_tests_custom_cobot/share/system_tests_custom_cobot/package.zsh'
[8.030s] Level 1:colcon.colcon_core.environment:create_file_with_runtime_dependencies(/home/mj/ros2_rviz_urbot/install/system_tests_custom_cobot/share/colcon-core/packages/system_tests_custom_cobot)
[8.031s] Level 1:colcon.colcon_core.environment:create_environment_scripts_only(system_tests_custom_cobot)
[8.031s] Level 1:colcon.colcon_core.environment:checking '/home/mj/ros2_rviz_urbot/install/system_tests_custom_cobot' for CMake module files
[8.031s] Level 1:colcon.colcon_core.environment:checking '/home/mj/ros2_rviz_urbot/install/system_tests_custom_cobot' for CMake config files
[8.031s] Level 1:colcon.colcon_core.shell:create_environment_hook('system_tests_custom_cobot', 'cmake_prefix_path')
[8.031s] INFO:colcon.colcon_core.shell:Creating environment hook '/home/mj/ros2_rviz_urbot/install/system_tests_custom_cobot/share/system_tests_custom_cobot/hook/cmake_prefix_path.ps1'
[8.032s] INFO:colcon.colcon_core.shell:Creating environment descriptor '/home/mj/ros2_rviz_urbot/install/system_tests_custom_cobot/share/system_tests_custom_cobot/hook/cmake_prefix_path.dsv'
[8.033s] INFO:colcon.colcon_core.shell:Creating environment hook '/home/mj/ros2_rviz_urbot/install/system_tests_custom_cobot/share/system_tests_custom_cobot/hook/cmake_prefix_path.sh'
[8.034s] Level 1:colcon.colcon_core.environment:checking '/home/mj/ros2_rviz_urbot/install/system_tests_custom_cobot/bin'
[8.034s] Level 1:colcon.colcon_core.environment:checking '/home/mj/ros2_rviz_urbot/install/system_tests_custom_cobot/lib/pkgconfig/system_tests_custom_cobot.pc'
[8.034s] Level 1:colcon.colcon_core.environment:checking '/home/mj/ros2_rviz_urbot/install/system_tests_custom_cobot/lib/python3.12/site-packages'
[8.035s] Level 1:colcon.colcon_core.environment:checking '/home/mj/ros2_rviz_urbot/install/system_tests_custom_cobot/bin'
[8.035s] INFO:colcon.colcon_core.shell:Creating package script '/home/mj/ros2_rviz_urbot/install/system_tests_custom_cobot/share/system_tests_custom_cobot/package.ps1'
[8.036s] INFO:colcon.colcon_core.shell:Creating package descriptor '/home/mj/ros2_rviz_urbot/install/system_tests_custom_cobot/share/system_tests_custom_cobot/package.dsv'
[8.036s] INFO:colcon.colcon_core.shell:Creating package script '/home/mj/ros2_rviz_urbot/install/system_tests_custom_cobot/share/system_tests_custom_cobot/package.sh'
[8.037s] INFO:colcon.colcon_core.shell:Creating package script '/home/mj/ros2_rviz_urbot/install/system_tests_custom_cobot/share/system_tests_custom_cobot/package.bash'
[8.037s] INFO:colcon.colcon_core.shell:Creating package script '/home/mj/ros2_rviz_urbot/install/system_tests_custom_cobot/share/system_tests_custom_cobot/package.zsh'
[8.038s] Level 1:colcon.colcon_core.environment:create_file_with_runtime_dependencies(/home/mj/ros2_rviz_urbot/install/system_tests_custom_cobot/share/colcon-core/packages/system_tests_custom_cobot)
[9.270s] DEBUG:colcon.colcon_core.event_handler.log_command:Invoked command in '/home/mj/ros2_rviz_urbot/build/gazebo_custom_cobot' returned '0': CMAKE_PREFIX_PATH=${CMAKE_PREFIX_PATH}:/opt/ros/jazzy DEBUGINFOD_URLS=https://debuginfod.ubuntu.com /usr/bin/cmake /home/mj/ros2_rviz_urbot/src/custom_cobot_ros2/gazebo_custom_cobot -DCMAKE_INSTALL_PREFIX=/home/mj/ros2_rviz_urbot/install/gazebo_custom_cobot
[9.273s] DEBUG:colcon.colcon_core.event_handler.log_command:Invoking command in '/home/mj/ros2_rviz_urbot/build/gazebo_custom_cobot': CMAKE_PREFIX_PATH=${CMAKE_PREFIX_PATH}:/opt/ros/jazzy DEBUGINFOD_URLS=https://debuginfod.ubuntu.com /usr/bin/cmake --build /home/mj/ros2_rviz_urbot/build/gazebo_custom_cobot -- -j4 -l4
[9.343s] DEBUG:colcon.colcon_core.event_handler.log_command:Invoked command in '/home/mj/ros2_rviz_urbot/build/gazebo_custom_cobot' returned '0': CMAKE_PREFIX_PATH=${CMAKE_PREFIX_PATH}:/opt/ros/jazzy DEBUGINFOD_URLS=https://debuginfod.ubuntu.com /usr/bin/cmake --build /home/mj/ros2_rviz_urbot/build/gazebo_custom_cobot -- -j4 -l4
[9.345s] DEBUG:colcon.colcon_core.event_handler.log_command:Invoking command in '/home/mj/ros2_rviz_urbot/build/gazebo_custom_cobot': CMAKE_PREFIX_PATH=${CMAKE_PREFIX_PATH}:/opt/ros/jazzy DEBUGINFOD_URLS=https://debuginfod.ubuntu.com /usr/bin/cmake --install /home/mj/ros2_rviz_urbot/build/gazebo_custom_cobot
[10.185s] Level 1:colcon.colcon_core.environment:create_environment_scripts_only(gazebo_custom_cobot)
[10.185s] Level 1:colcon.colcon_core.environment:checking '/home/mj/ros2_rviz_urbot/install/gazebo_custom_cobot' for CMake module files
[10.187s] Level 1:colcon.colcon_core.environment:checking '/home/mj/ros2_rviz_urbot/install/gazebo_custom_cobot' for CMake config files
[10.187s] Level 1:colcon.colcon_core.shell:create_environment_hook('gazebo_custom_cobot', 'cmake_prefix_path')
[10.187s] INFO:colcon.colcon_core.shell:Creating environment hook '/home/mj/ros2_rviz_urbot/install/gazebo_custom_cobot/share/gazebo_custom_cobot/hook/cmake_prefix_path.ps1'
[10.202s] DEBUG:colcon.colcon_core.event_handler.log_command:Invoked command in '/home/mj/ros2_rviz_urbot/build/gazebo_custom_cobot' returned '0': CMAKE_PREFIX_PATH=${CMAKE_PREFIX_PATH}:/opt/ros/jazzy DEBUGINFOD_URLS=https://debuginfod.ubuntu.com /usr/bin/cmake --install /home/mj/ros2_rviz_urbot/build/gazebo_custom_cobot
[10.203s] INFO:colcon.colcon_core.shell:Creating environment descriptor '/home/mj/ros2_rviz_urbot/install/gazebo_custom_cobot/share/gazebo_custom_cobot/hook/cmake_prefix_path.dsv'
[10.204s] INFO:colcon.colcon_core.shell:Creating environment hook '/home/mj/ros2_rviz_urbot/install/gazebo_custom_cobot/share/gazebo_custom_cobot/hook/cmake_prefix_path.sh'
[10.204s] Level 1:colcon.colcon_core.environment:checking '/home/mj/ros2_rviz_urbot/install/gazebo_custom_cobot/bin'
[10.204s] Level 1:colcon.colcon_core.environment:checking '/home/mj/ros2_rviz_urbot/install/gazebo_custom_cobot/lib/pkgconfig/gazebo_custom_cobot.pc'
[10.209s] Level 1:colcon.colcon_core.environment:checking '/home/mj/ros2_rviz_urbot/install/gazebo_custom_cobot/lib/python3.12/site-packages'
[10.209s] Level 1:colcon.colcon_core.environment:checking '/home/mj/ros2_rviz_urbot/install/gazebo_custom_cobot/bin'
[10.211s] INFO:colcon.colcon_core.shell:Creating package script '/home/mj/ros2_rviz_urbot/install/gazebo_custom_cobot/share/gazebo_custom_cobot/package.ps1'
[10.211s] INFO:colcon.colcon_core.shell:Creating package descriptor '/home/mj/ros2_rviz_urbot/install/gazebo_custom_cobot/share/gazebo_custom_cobot/package.dsv'
[10.214s] INFO:colcon.colcon_core.shell:Creating package script '/home/mj/ros2_rviz_urbot/install/gazebo_custom_cobot/share/gazebo_custom_cobot/package.sh'
[10.214s] INFO:colcon.colcon_core.shell:Creating package script '/home/mj/ros2_rviz_urbot/install/gazebo_custom_cobot/share/gazebo_custom_cobot/package.bash'
[10.214s] INFO:colcon.colcon_core.shell:Creating package script '/home/mj/ros2_rviz_urbot/install/gazebo_custom_cobot/share/gazebo_custom_cobot/package.zsh'
[10.214s] Level 1:colcon.colcon_core.environment:create_file_with_runtime_dependencies(/home/mj/ros2_rviz_urbot/install/gazebo_custom_cobot/share/colcon-core/packages/gazebo_custom_cobot)
[10.215s] Level 1:colcon.colcon_core.environment:create_environment_scripts_only(gazebo_custom_cobot)
[10.215s] Level 1:colcon.colcon_core.environment:checking '/home/mj/ros2_rviz_urbot/install/gazebo_custom_cobot' for CMake module files
[10.218s] Level 1:colcon.colcon_core.environment:checking '/home/mj/ros2_rviz_urbot/install/gazebo_custom_cobot' for CMake config files
[10.218s] Level 1:colcon.colcon_core.shell:create_environment_hook('gazebo_custom_cobot', 'cmake_prefix_path')
[10.218s] INFO:colcon.colcon_core.shell:Creating environment hook '/home/mj/ros2_rviz_urbot/install/gazebo_custom_cobot/share/gazebo_custom_cobot/hook/cmake_prefix_path.ps1'
[10.221s] INFO:colcon.colcon_core.shell:Creating environment descriptor '/home/mj/ros2_rviz_urbot/install/gazebo_custom_cobot/share/gazebo_custom_cobot/hook/cmake_prefix_path.dsv'
[10.223s] INFO:colcon.colcon_core.shell:Creating environment hook '/home/mj/ros2_rviz_urbot/install/gazebo_custom_cobot/share/gazebo_custom_cobot/hook/cmake_prefix_path.sh'
[10.225s] Level 1:colcon.colcon_core.environment:checking '/home/mj/ros2_rviz_urbot/install/gazebo_custom_cobot/bin'
[10.225s] Level 1:colcon.colcon_core.environment:checking '/home/mj/ros2_rviz_urbot/install/gazebo_custom_cobot/lib/pkgconfig/gazebo_custom_cobot.pc'
[10.225s] Level 1:colcon.colcon_core.environment:checking '/home/mj/ros2_rviz_urbot/install/gazebo_custom_cobot/lib/python3.12/site-packages'
[10.225s] Level 1:colcon.colcon_core.environment:checking '/home/mj/ros2_rviz_urbot/install/gazebo_custom_cobot/bin'
[10.226s] INFO:colcon.colcon_core.shell:Creating package script '/home/mj/ros2_rviz_urbot/install/gazebo_custom_cobot/share/gazebo_custom_cobot/package.ps1'
[10.227s] INFO:colcon.colcon_core.shell:Creating package descriptor '/home/mj/ros2_rviz_urbot/install/gazebo_custom_cobot/share/gazebo_custom_cobot/package.dsv'
[10.230s] INFO:colcon.colcon_core.shell:Creating package script '/home/mj/ros2_rviz_urbot/install/gazebo_custom_cobot/share/gazebo_custom_cobot/package.sh'
[10.231s] INFO:colcon.colcon_core.shell:Creating package script '/home/mj/ros2_rviz_urbot/install/gazebo_custom_cobot/share/gazebo_custom_cobot/package.bash'
[10.232s] INFO:colcon.colcon_core.shell:Creating package script '/home/mj/ros2_rviz_urbot/install/gazebo_custom_cobot/share/gazebo_custom_cobot/package.zsh'
[10.239s] Level 1:colcon.colcon_core.environment:create_file_with_runtime_dependencies(/home/mj/ros2_rviz_urbot/install/gazebo_custom_cobot/share/colcon-core/packages/gazebo_custom_cobot)
[10.243s] INFO:colcon.colcon_ros.task.ament_cmake.build:Building ROS package in '/home/mj/ros2_rviz_urbot/src/custom_cobot_ros2/custom_cobot_ros2' with build type 'ament_cmake'
[10.243s] INFO:colcon.colcon_cmake.task.cmake.build:Building CMake package in '/home/mj/ros2_rviz_urbot/src/custom_cobot_ros2/custom_cobot_ros2'
[10.243s] INFO:colcon.colcon_core.shell:Skip shell extension 'powershell' for command environment: Not usable outside of PowerShell
[10.243s] DEBUG:colcon.colcon_core.shell:Skip shell extension 'dsv' for command environment
[10.278s] DEBUG:colcon.colcon_core.event_handler.log_command:Invoking command in '/home/mj/ros2_rviz_urbot/build/custom_cobot_ros2': AMENT_PREFIX_PATH=/home/mj/ros2_rviz_urbot/install/system_tests_custom_cobot:/home/mj/ros2_rviz_urbot/install/startup_cobot:/home/mj/ros2_rviz_urbot/install/moveit_config_custom_cobot:/home/mj/ros2_rviz_urbot/install/gazebo_custom_cobot:/home/mj/ros2_rviz_urbot/install/description_cobot:${AMENT_PREFIX_PATH} CMAKE_PREFIX_PATH=/home/mj/ros2_rviz_urbot/install/system_tests_custom_cobot:/home/mj/ros2_rviz_urbot/install/startup_cobot:/home/mj/ros2_rviz_urbot/install/moveit_config_custom_cobot:/home/mj/ros2_rviz_urbot/install/gazebo_custom_cobot:/home/mj/ros2_rviz_urbot/install/description_cobot:/opt/ros/jazzy/opt/gz_sim_vendor:/opt/ros/jazzy/opt/gz_sensors_vendor:/opt/ros/jazzy/opt/gz_physics_vendor:/opt/ros/jazzy/opt/sdformat_vendor:/opt/ros/jazzy/opt/gz_gui_vendor:/opt/ros/jazzy/opt/gz_transport_vendor:/opt/ros/jazzy/opt/gz_rendering_vendor:/opt/ros/jazzy/opt/gz_plugin_vendor:/opt/ros/jazzy/opt/gz_fuel_tools_vendor:/opt/ros/jazzy/opt/gz_msgs_vendor:/opt/ros/jazzy/opt/gz_common_vendor:/opt/ros/jazzy/opt/gz_math_vendor:/opt/ros/jazzy/opt/gz_utils_vendor:/opt/ros/jazzy/opt/gz_tools_vendor:/opt/ros/jazzy/opt/gz_ogre_next_vendor:/opt/ros/jazzy/opt/gz_dartsim_vendor:/opt/ros/jazzy/opt/gz_cmake_vendor:/opt/ros/jazzy DEBUGINFOD_URLS=https://debuginfod.ubuntu.com /usr/bin/cmake /home/mj/ros2_rviz_urbot/src/custom_cobot_ros2/custom_cobot_ros2 -DCMAKE_INSTALL_PREFIX=/home/mj/ros2_rviz_urbot/install/custom_cobot_ros2
[12.977s] DEBUG:colcon.colcon_core.event_handler.log_command:Invoked command in '/home/mj/ros2_rviz_urbot/build/custom_cobot_ros2' returned '0': AMENT_PREFIX_PATH=/home/mj/ros2_rviz_urbot/install/system_tests_custom_cobot:/home/mj/ros2_rviz_urbot/install/startup_cobot:/home/mj/ros2_rviz_urbot/install/moveit_config_custom_cobot:/home/mj/ros2_rviz_urbot/install/gazebo_custom_cobot:/home/mj/ros2_rviz_urbot/install/description_cobot:${AMENT_PREFIX_PATH} CMAKE_PREFIX_PATH=/home/mj/ros2_rviz_urbot/install/system_tests_custom_cobot:/home/mj/ros2_rviz_urbot/install/startup_cobot:/home/mj/ros2_rviz_urbot/install/moveit_config_custom_cobot:/home/mj/ros2_rviz_urbot/install/gazebo_custom_cobot:/home/mj/ros2_rviz_urbot/install/description_cobot:/opt/ros/jazzy/opt/gz_sim_vendor:/opt/ros/jazzy/opt/gz_sensors_vendor:/opt/ros/jazzy/opt/gz_physics_vendor:/opt/ros/jazzy/opt/sdformat_vendor:/opt/ros/jazzy/opt/gz_gui_vendor:/opt/ros/jazzy/opt/gz_transport_vendor:/opt/ros/jazzy/opt/gz_rendering_vendor:/opt/ros/jazzy/opt/gz_plugin_vendor:/opt/ros/jazzy/opt/gz_fuel_tools_vendor:/opt/ros/jazzy/opt/gz_msgs_vendor:/opt/ros/jazzy/opt/gz_common_vendor:/opt/ros/jazzy/opt/gz_math_vendor:/opt/ros/jazzy/opt/gz_utils_vendor:/opt/ros/jazzy/opt/gz_tools_vendor:/opt/ros/jazzy/opt/gz_ogre_next_vendor:/opt/ros/jazzy/opt/gz_dartsim_vendor:/opt/ros/jazzy/opt/gz_cmake_vendor:/opt/ros/jazzy DEBUGINFOD_URLS=https://debuginfod.ubuntu.com /usr/bin/cmake /home/mj/ros2_rviz_urbot/src/custom_cobot_ros2/custom_cobot_ros2 -DCMAKE_INSTALL_PREFIX=/home/mj/ros2_rviz_urbot/install/custom_cobot_ros2
[12.978s] DEBUG:colcon.colcon_core.event_handler.log_command:Invoking command in '/home/mj/ros2_rviz_urbot/build/custom_cobot_ros2': AMENT_PREFIX_PATH=/home/mj/ros2_rviz_urbot/install/system_tests_custom_cobot:/home/mj/ros2_rviz_urbot/install/startup_cobot:/home/mj/ros2_rviz_urbot/install/moveit_config_custom_cobot:/home/mj/ros2_rviz_urbot/install/gazebo_custom_cobot:/home/mj/ros2_rviz_urbot/install/description_cobot:${AMENT_PREFIX_PATH} CMAKE_PREFIX_PATH=/home/mj/ros2_rviz_urbot/install/system_tests_custom_cobot:/home/mj/ros2_rviz_urbot/install/startup_cobot:/home/mj/ros2_rviz_urbot/install/moveit_config_custom_cobot:/home/mj/ros2_rviz_urbot/install/gazebo_custom_cobot:/home/mj/ros2_rviz_urbot/install/description_cobot:/opt/ros/jazzy/opt/gz_sim_vendor:/opt/ros/jazzy/opt/gz_sensors_vendor:/opt/ros/jazzy/opt/gz_physics_vendor:/opt/ros/jazzy/opt/sdformat_vendor:/opt/ros/jazzy/opt/gz_gui_vendor:/opt/ros/jazzy/opt/gz_transport_vendor:/opt/ros/jazzy/opt/gz_rendering_vendor:/opt/ros/jazzy/opt/gz_plugin_vendor:/opt/ros/jazzy/opt/gz_fuel_tools_vendor:/opt/ros/jazzy/opt/gz_msgs_vendor:/opt/ros/jazzy/opt/gz_common_vendor:/opt/ros/jazzy/opt/gz_math_vendor:/opt/ros/jazzy/opt/gz_utils_vendor:/opt/ros/jazzy/opt/gz_tools_vendor:/opt/ros/jazzy/opt/gz_ogre_next_vendor:/opt/ros/jazzy/opt/gz_dartsim_vendor:/opt/ros/jazzy/opt/gz_cmake_vendor:/opt/ros/jazzy DEBUGINFOD_URLS=https://debuginfod.ubuntu.com /usr/bin/cmake --build /home/mj/ros2_rviz_urbot/build/custom_cobot_ros2 -- -j4 -l4
[13.090s] DEBUG:colcon.colcon_core.event_handler.log_command:Invoked command in '/home/mj/ros2_rviz_urbot/build/custom_cobot_ros2' returned '0': AMENT_PREFIX_PATH=/home/mj/ros2_rviz_urbot/install/system_tests_custom_cobot:/home/mj/ros2_rviz_urbot/install/startup_cobot:/home/mj/ros2_rviz_urbot/install/moveit_config_custom_cobot:/home/mj/ros2_rviz_urbot/install/gazebo_custom_cobot:/home/mj/ros2_rviz_urbot/install/description_cobot:${AMENT_PREFIX_PATH} CMAKE_PREFIX_PATH=/home/mj/ros2_rviz_urbot/install/system_tests_custom_cobot:/home/mj/ros2_rviz_urbot/install/startup_cobot:/home/mj/ros2_rviz_urbot/install/moveit_config_custom_cobot:/home/mj/ros2_rviz_urbot/install/gazebo_custom_cobot:/home/mj/ros2_rviz_urbot/install/description_cobot:/opt/ros/jazzy/opt/gz_sim_vendor:/opt/ros/jazzy/opt/gz_sensors_vendor:/opt/ros/jazzy/opt/gz_physics_vendor:/opt/ros/jazzy/opt/sdformat_vendor:/opt/ros/jazzy/opt/gz_gui_vendor:/opt/ros/jazzy/opt/gz_transport_vendor:/opt/ros/jazzy/opt/gz_rendering_vendor:/opt/ros/jazzy/opt/gz_plugin_vendor:/opt/ros/jazzy/opt/gz_fuel_tools_vendor:/opt/ros/jazzy/opt/gz_msgs_vendor:/opt/ros/jazzy/opt/gz_common_vendor:/opt/ros/jazzy/opt/gz_math_vendor:/opt/ros/jazzy/opt/gz_utils_vendor:/opt/ros/jazzy/opt/gz_tools_vendor:/opt/ros/jazzy/opt/gz_ogre_next_vendor:/opt/ros/jazzy/opt/gz_dartsim_vendor:/opt/ros/jazzy/opt/gz_cmake_vendor:/opt/ros/jazzy DEBUGINFOD_URLS=https://debuginfod.ubuntu.com /usr/bin/cmake --build /home/mj/ros2_rviz_urbot/build/custom_cobot_ros2 -- -j4 -l4
[13.090s] DEBUG:colcon.colcon_core.event_handler.log_command:Invoking command in '/home/mj/ros2_rviz_urbot/build/custom_cobot_ros2': AMENT_PREFIX_PATH=/home/mj/ros2_rviz_urbot/install/system_tests_custom_cobot:/home/mj/ros2_rviz_urbot/install/startup_cobot:/home/mj/ros2_rviz_urbot/install/moveit_config_custom_cobot:/home/mj/ros2_rviz_urbot/install/gazebo_custom_cobot:/home/mj/ros2_rviz_urbot/install/description_cobot:${AMENT_PREFIX_PATH} CMAKE_PREFIX_PATH=/home/mj/ros2_rviz_urbot/install/system_tests_custom_cobot:/home/mj/ros2_rviz_urbot/install/startup_cobot:/home/mj/ros2_rviz_urbot/install/moveit_config_custom_cobot:/home/mj/ros2_rviz_urbot/install/gazebo_custom_cobot:/home/mj/ros2_rviz_urbot/install/description_cobot:/opt/ros/jazzy/opt/gz_sim_vendor:/opt/ros/jazzy/opt/gz_sensors_vendor:/opt/ros/jazzy/opt/gz_physics_vendor:/opt/ros/jazzy/opt/sdformat_vendor:/opt/ros/jazzy/opt/gz_gui_vendor:/opt/ros/jazzy/opt/gz_transport_vendor:/opt/ros/jazzy/opt/gz_rendering_vendor:/opt/ros/jazzy/opt/gz_plugin_vendor:/opt/ros/jazzy/opt/gz_fuel_tools_vendor:/opt/ros/jazzy/opt/gz_msgs_vendor:/opt/ros/jazzy/opt/gz_common_vendor:/opt/ros/jazzy/opt/gz_math_vendor:/opt/ros/jazzy/opt/gz_utils_vendor:/opt/ros/jazzy/opt/gz_tools_vendor:/opt/ros/jazzy/opt/gz_ogre_next_vendor:/opt/ros/jazzy/opt/gz_dartsim_vendor:/opt/ros/jazzy/opt/gz_cmake_vendor:/opt/ros/jazzy DEBUGINFOD_URLS=https://debuginfod.ubuntu.com /usr/bin/cmake --install /home/mj/ros2_rviz_urbot/build/custom_cobot_ros2
[13.107s] Level 1:colcon.colcon_core.environment:create_environment_scripts_only(custom_cobot_ros2)
[13.107s] Level 1:colcon.colcon_core.environment:checking '/home/mj/ros2_rviz_urbot/install/custom_cobot_ros2' for CMake module files
[13.108s] Level 1:colcon.colcon_core.environment:checking '/home/mj/ros2_rviz_urbot/install/custom_cobot_ros2' for CMake config files
[13.108s] DEBUG:colcon.colcon_core.event_handler.log_command:Invoked command in '/home/mj/ros2_rviz_urbot/build/custom_cobot_ros2' returned '0': AMENT_PREFIX_PATH=/home/mj/ros2_rviz_urbot/install/system_tests_custom_cobot:/home/mj/ros2_rviz_urbot/install/startup_cobot:/home/mj/ros2_rviz_urbot/install/moveit_config_custom_cobot:/home/mj/ros2_rviz_urbot/install/gazebo_custom_cobot:/home/mj/ros2_rviz_urbot/install/description_cobot:${AMENT_PREFIX_PATH} CMAKE_PREFIX_PATH=/home/mj/ros2_rviz_urbot/install/system_tests_custom_cobot:/home/mj/ros2_rviz_urbot/install/startup_cobot:/home/mj/ros2_rviz_urbot/install/moveit_config_custom_cobot:/home/mj/ros2_rviz_urbot/install/gazebo_custom_cobot:/home/mj/ros2_rviz_urbot/install/description_cobot:/opt/ros/jazzy/opt/gz_sim_vendor:/opt/ros/jazzy/opt/gz_sensors_vendor:/opt/ros/jazzy/opt/gz_physics_vendor:/opt/ros/jazzy/opt/sdformat_vendor:/opt/ros/jazzy/opt/gz_gui_vendor:/opt/ros/jazzy/opt/gz_transport_vendor:/opt/ros/jazzy/opt/gz_rendering_vendor:/opt/ros/jazzy/opt/gz_plugin_vendor:/opt/ros/jazzy/opt/gz_fuel_tools_vendor:/opt/ros/jazzy/opt/gz_msgs_vendor:/opt/ros/jazzy/opt/gz_common_vendor:/opt/ros/jazzy/opt/gz_math_vendor:/opt/ros/jazzy/opt/gz_utils_vendor:/opt/ros/jazzy/opt/gz_tools_vendor:/opt/ros/jazzy/opt/gz_ogre_next_vendor:/opt/ros/jazzy/opt/gz_dartsim_vendor:/opt/ros/jazzy/opt/gz_cmake_vendor:/opt/ros/jazzy DEBUGINFOD_URLS=https://debuginfod.ubuntu.com /usr/bin/cmake --install /home/mj/ros2_rviz_urbot/build/custom_cobot_ros2
[13.108s] Level 1:colcon.colcon_core.shell:create_environment_hook('custom_cobot_ros2', 'cmake_prefix_path')
[13.109s] INFO:colcon.colcon_core.shell:Creating environment hook '/home/mj/ros2_rviz_urbot/install/custom_cobot_ros2/share/custom_cobot_ros2/hook/cmake_prefix_path.ps1'
[13.109s] INFO:colcon.colcon_core.shell:Creating environment descriptor '/home/mj/ros2_rviz_urbot/install/custom_cobot_ros2/share/custom_cobot_ros2/hook/cmake_prefix_path.dsv'
[13.110s] INFO:colcon.colcon_core.shell:Creating environment hook '/home/mj/ros2_rviz_urbot/install/custom_cobot_ros2/share/custom_cobot_ros2/hook/cmake_prefix_path.sh'
[13.110s] Level 1:colcon.colcon_core.environment:checking '/home/mj/ros2_rviz_urbot/install/custom_cobot_ros2/bin'
[13.110s] Level 1:colcon.colcon_core.environment:checking '/home/mj/ros2_rviz_urbot/install/custom_cobot_ros2/lib/pkgconfig/custom_cobot_ros2.pc'
[13.110s] Level 1:colcon.colcon_core.environment:checking '/home/mj/ros2_rviz_urbot/install/custom_cobot_ros2/lib/python3.12/site-packages'
[13.110s] Level 1:colcon.colcon_core.environment:checking '/home/mj/ros2_rviz_urbot/install/custom_cobot_ros2/bin'
[13.111s] INFO:colcon.colcon_core.shell:Creating package script '/home/mj/ros2_rviz_urbot/install/custom_cobot_ros2/share/custom_cobot_ros2/package.ps1'
[13.111s] INFO:colcon.colcon_core.shell:Creating package descriptor '/home/mj/ros2_rviz_urbot/install/custom_cobot_ros2/share/custom_cobot_ros2/package.dsv'
[13.112s] INFO:colcon.colcon_core.shell:Creating package script '/home/mj/ros2_rviz_urbot/install/custom_cobot_ros2/share/custom_cobot_ros2/package.sh'
[13.112s] INFO:colcon.colcon_core.shell:Creating package script '/home/mj/ros2_rviz_urbot/install/custom_cobot_ros2/share/custom_cobot_ros2/package.bash'
[13.112s] INFO:colcon.colcon_core.shell:Creating package script '/home/mj/ros2_rviz_urbot/install/custom_cobot_ros2/share/custom_cobot_ros2/package.zsh'
[13.113s] Level 1:colcon.colcon_core.environment:create_file_with_runtime_dependencies(/home/mj/ros2_rviz_urbot/install/custom_cobot_ros2/share/colcon-core/packages/custom_cobot_ros2)
[13.113s] Level 1:colcon.colcon_core.environment:create_environment_scripts_only(custom_cobot_ros2)
[13.113s] Level 1:colcon.colcon_core.environment:checking '/home/mj/ros2_rviz_urbot/install/custom_cobot_ros2' for CMake module files
[13.113s] Level 1:colcon.colcon_core.environment:checking '/home/mj/ros2_rviz_urbot/install/custom_cobot_ros2' for CMake config files
[13.114s] Level 1:colcon.colcon_core.shell:create_environment_hook('custom_cobot_ros2', 'cmake_prefix_path')
[13.114s] INFO:colcon.colcon_core.shell:Creating environment hook '/home/mj/ros2_rviz_urbot/install/custom_cobot_ros2/share/custom_cobot_ros2/hook/cmake_prefix_path.ps1'
[13.115s] INFO:colcon.colcon_core.shell:Creating environment descriptor '/home/mj/ros2_rviz_urbot/install/custom_cobot_ros2/share/custom_cobot_ros2/hook/cmake_prefix_path.dsv'
[13.115s] INFO:colcon.colcon_core.shell:Creating environment hook '/home/mj/ros2_rviz_urbot/install/custom_cobot_ros2/share/custom_cobot_ros2/hook/cmake_prefix_path.sh'
[13.116s] Level 1:colcon.colcon_core.environment:checking '/home/mj/ros2_rviz_urbot/install/custom_cobot_ros2/bin'
[13.116s] Level 1:colcon.colcon_core.environment:checking '/home/mj/ros2_rviz_urbot/install/custom_cobot_ros2/lib/pkgconfig/custom_cobot_ros2.pc'
[13.116s] Level 1:colcon.colcon_core.environment:checking '/home/mj/ros2_rviz_urbot/install/custom_cobot_ros2/lib/python3.12/site-packages'
[13.116s] Level 1:colcon.colcon_core.environment:checking '/home/mj/ros2_rviz_urbot/install/custom_cobot_ros2/bin'
[13.117s] INFO:colcon.colcon_core.shell:Creating package script '/home/mj/ros2_rviz_urbot/install/custom_cobot_ros2/share/custom_cobot_ros2/package.ps1'
[13.117s] INFO:colcon.colcon_core.shell:Creating package descriptor '/home/mj/ros2_rviz_urbot/install/custom_cobot_ros2/share/custom_cobot_ros2/package.dsv'
[13.118s] INFO:colcon.colcon_core.shell:Creating package script '/home/mj/ros2_rviz_urbot/install/custom_cobot_ros2/share/custom_cobot_ros2/package.sh'
[13.118s] INFO:colcon.colcon_core.shell:Creating package script '/home/mj/ros2_rviz_urbot/install/custom_cobot_ros2/share/custom_cobot_ros2/package.bash'
[13.120s] INFO:colcon.colcon_core.shell:Creating package script '/home/mj/ros2_rviz_urbot/install/custom_cobot_ros2/share/custom_cobot_ros2/package.zsh'
[13.120s] Level 1:colcon.colcon_core.environment:create_file_with_runtime_dependencies(/home/mj/ros2_rviz_urbot/install/custom_cobot_ros2/share/colcon-core/packages/custom_cobot_ros2)
[13.121s] DEBUG:colcon.colcon_parallel_executor.executor.parallel:closing loop
[13.143s] DEBUG:colcon.colcon_parallel_executor.executor.parallel:loop closed
[13.143s] DEBUG:colcon.colcon_parallel_executor.executor.parallel:run_until_complete finished with '0'
[13.145s] DEBUG:colcon.colcon_core.event_reactor:joining thread
[13.258s] INFO:colcon.colcon_core.plugin_system:Skipping extension 'colcon_notification.desktop_notification.terminal_notifier': Not used on non-Darwin systems
[13.259s] INFO:colcon.colcon_core.plugin_system:Skipping extension 'colcon_notification.desktop_notification.win32': Not used on non-Windows systems
[13.259s] INFO:colcon.colcon_notification.desktop_notification:Sending desktop notification using 'notify2'
[13.615s] DEBUG:colcon.colcon_core.event_reactor:joined thread
[13.616s] INFO:colcon.colcon_core.shell:Creating prefix script '/home/mj/ros2_rviz_urbot/install/local_setup.ps1'
[13.619s] INFO:colcon.colcon_core.shell:Creating prefix util module '/home/mj/ros2_rviz_urbot/install/_local_setup_util_ps1.py'
[13.620s] INFO:colcon.colcon_core.shell:Creating prefix chain script '/home/mj/ros2_rviz_urbot/install/setup.ps1'
[13.622s] INFO:colcon.colcon_core.shell:Creating prefix script '/home/mj/ros2_rviz_urbot/install/local_setup.sh'
[13.624s] INFO:colcon.colcon_core.shell:Creating prefix util module '/home/mj/ros2_rviz_urbot/install/_local_setup_util_sh.py'
[13.624s] INFO:colcon.colcon_core.shell:Creating prefix chain script '/home/mj/ros2_rviz_urbot/install/setup.sh'
[13.626s] INFO:colcon.colcon_core.shell:Creating prefix script '/home/mj/ros2_rviz_urbot/install/local_setup.bash'
[13.628s] INFO:colcon.colcon_core.shell:Creating prefix chain script '/home/mj/ros2_rviz_urbot/install/setup.bash'
[13.630s] INFO:colcon.colcon_core.shell:Creating prefix script '/home/mj/ros2_rviz_urbot/install/local_setup.zsh'
[13.631s] INFO:colcon.colcon_core.shell:Creating prefix chain script '/home/mj/ros2_rviz_urbot/install/setup.zsh'
