[0.024s] Invoking command in '/home/ubuntu/ros2_rviz_urbot/build/custom_cobot_ros2': CMAKE_PREFIX_PATH=/home/ubuntu/ros2_rviz_urbot/install/system_tests_custom_cobot:/home/ubuntu/ros2_rviz_urbot/install/startup_cobot:/home/ubuntu/ros2_rviz_urbot/install/moveit_config_custom_cobot:/home/ubuntu/ros2_rviz_urbot/install/gazebo_custom_cobot:/home/ubuntu/ros2_rviz_urbot/install/description_cobot:/home/ubuntu/ros2_rviz_urbot/install/custom_cobot_ros2:/opt/ros/jazzy/opt/gz_sim_vendor:/opt/ros/jazzy/opt/gz_sensors_vendor:/opt/ros/jazzy/opt/gz_physics_vendor:/opt/ros/jazzy/opt/sdformat_vendor:/opt/ros/jazzy/opt/gz_gui_vendor:/opt/ros/jazzy/opt/gz_transport_vendor:/opt/ros/jazzy/opt/gz_rendering_vendor:/opt/ros/jazzy/opt/gz_plugin_vendor:/opt/ros/jazzy/opt/gz_fuel_tools_vendor:/opt/ros/jazzy/opt/gz_msgs_vendor:/opt/ros/jazzy/opt/gz_common_vendor:/opt/ros/jazzy/opt/gz_math_vendor:/opt/ros/jazzy/opt/gz_utils_vendor:/opt/ros/jazzy/opt/gz_tools_vendor:/opt/ros/jazzy/opt/gz_ogre_next_vendor:/opt/ros/jazzy/opt/gz_dartsim_vendor:/opt/ros/jazzy/opt/gz_cmake_vendor:/opt/ros/jazzy DEBUGINFOD_URLS=https://debuginfod.ubuntu.com /usr/bin/cmake /home/ubuntu/ros2_rviz_urbot/src/custom_cobot_ros2/custom_cobot_ros2 -DCMAKE_INSTALL_PREFIX=/home/ubuntu/ros2_rviz_urbot/install/custom_cobot_ros2
[0.085s] -- The C compiler identification is GNU 13.3.0
[0.170s] -- The CXX compiler identification is GNU 13.3.0
[0.191s] -- Detecting C compiler ABI info
[0.288s] -- Detecting C compiler ABI info - done
[0.294s] -- Check for working C compiler: /usr/bin/cc - skipped
[0.295s] -- Detecting C compile features
[0.295s] -- Detecting C compile features - done
[0.309s] -- Detecting CXX compiler ABI info
[0.435s] -- Detecting CXX compiler ABI info - done
[0.443s] -- Check for working CXX compiler: /usr/bin/c++ - skipped
[0.443s] -- Detecting CXX compile features
[0.443s] -- Detecting CXX compile features - done
[0.448s] -- Found ament_cmake: 2.5.2 (/opt/ros/jazzy/share/ament_cmake/cmake)
[0.575s] -- Found Python3: /usr/bin/python3 (found version "3.12.3") found components: Interpreter 
[0.768s] -- Found ament_lint_auto: 0.17.1 (/opt/ros/jazzy/share/ament_lint_auto/cmake)
[0.869s] -- Added test 'flake8' to check Python code syntax and style conventions
[0.869s] -- Configured 'flake8' exclude dirs and/or files: 
[0.870s] -- Added test 'lint_cmake' to check CMake code style
[0.871s] -- Added test 'pep257' to check Python code against some of the docstring style conventions in PEP 257
[0.872s] -- Added test 'xmllint' to check XML markup files
[0.874s] -- Configuring done (0.8s)
[0.878s] -- Generating done (0.0s)
[0.880s] -- Build files have been written to: /home/ubuntu/ros2_rviz_urbot/build/custom_cobot_ros2
[0.885s] Invoked command in '/home/ubuntu/ros2_rviz_urbot/build/custom_cobot_ros2' returned '0': CMAKE_PREFIX_PATH=/home/ubuntu/ros2_rviz_urbot/install/system_tests_custom_cobot:/home/ubuntu/ros2_rviz_urbot/install/startup_cobot:/home/ubuntu/ros2_rviz_urbot/install/moveit_config_custom_cobot:/home/ubuntu/ros2_rviz_urbot/install/gazebo_custom_cobot:/home/ubuntu/ros2_rviz_urbot/install/description_cobot:/home/ubuntu/ros2_rviz_urbot/install/custom_cobot_ros2:/opt/ros/jazzy/opt/gz_sim_vendor:/opt/ros/jazzy/opt/gz_sensors_vendor:/opt/ros/jazzy/opt/gz_physics_vendor:/opt/ros/jazzy/opt/sdformat_vendor:/opt/ros/jazzy/opt/gz_gui_vendor:/opt/ros/jazzy/opt/gz_transport_vendor:/opt/ros/jazzy/opt/gz_rendering_vendor:/opt/ros/jazzy/opt/gz_plugin_vendor:/opt/ros/jazzy/opt/gz_fuel_tools_vendor:/opt/ros/jazzy/opt/gz_msgs_vendor:/opt/ros/jazzy/opt/gz_common_vendor:/opt/ros/jazzy/opt/gz_math_vendor:/opt/ros/jazzy/opt/gz_utils_vendor:/opt/ros/jazzy/opt/gz_tools_vendor:/opt/ros/jazzy/opt/gz_ogre_next_vendor:/opt/ros/jazzy/opt/gz_dartsim_vendor:/opt/ros/jazzy/opt/gz_cmake_vendor:/opt/ros/jazzy DEBUGINFOD_URLS=https://debuginfod.ubuntu.com /usr/bin/cmake /home/ubuntu/ros2_rviz_urbot/src/custom_cobot_ros2/custom_cobot_ros2 -DCMAKE_INSTALL_PREFIX=/home/ubuntu/ros2_rviz_urbot/install/custom_cobot_ros2
[0.885s] Invoking command in '/home/ubuntu/ros2_rviz_urbot/build/custom_cobot_ros2': CMAKE_PREFIX_PATH=/home/ubuntu/ros2_rviz_urbot/install/system_tests_custom_cobot:/home/ubuntu/ros2_rviz_urbot/install/startup_cobot:/home/ubuntu/ros2_rviz_urbot/install/moveit_config_custom_cobot:/home/ubuntu/ros2_rviz_urbot/install/gazebo_custom_cobot:/home/ubuntu/ros2_rviz_urbot/install/description_cobot:/home/ubuntu/ros2_rviz_urbot/install/custom_cobot_ros2:/opt/ros/jazzy/opt/gz_sim_vendor:/opt/ros/jazzy/opt/gz_sensors_vendor:/opt/ros/jazzy/opt/gz_physics_vendor:/opt/ros/jazzy/opt/sdformat_vendor:/opt/ros/jazzy/opt/gz_gui_vendor:/opt/ros/jazzy/opt/gz_transport_vendor:/opt/ros/jazzy/opt/gz_rendering_vendor:/opt/ros/jazzy/opt/gz_plugin_vendor:/opt/ros/jazzy/opt/gz_fuel_tools_vendor:/opt/ros/jazzy/opt/gz_msgs_vendor:/opt/ros/jazzy/opt/gz_common_vendor:/opt/ros/jazzy/opt/gz_math_vendor:/opt/ros/jazzy/opt/gz_utils_vendor:/opt/ros/jazzy/opt/gz_tools_vendor:/opt/ros/jazzy/opt/gz_ogre_next_vendor:/opt/ros/jazzy/opt/gz_dartsim_vendor:/opt/ros/jazzy/opt/gz_cmake_vendor:/opt/ros/jazzy DEBUGINFOD_URLS=https://debuginfod.ubuntu.com /usr/bin/cmake --build /home/ubuntu/ros2_rviz_urbot/build/custom_cobot_ros2 -- -j16 -l16
[0.920s] Invoked command in '/home/ubuntu/ros2_rviz_urbot/build/custom_cobot_ros2' returned '0': CMAKE_PREFIX_PATH=/home/ubuntu/ros2_rviz_urbot/install/system_tests_custom_cobot:/home/ubuntu/ros2_rviz_urbot/install/startup_cobot:/home/ubuntu/ros2_rviz_urbot/install/moveit_config_custom_cobot:/home/ubuntu/ros2_rviz_urbot/install/gazebo_custom_cobot:/home/ubuntu/ros2_rviz_urbot/install/description_cobot:/home/ubuntu/ros2_rviz_urbot/install/custom_cobot_ros2:/opt/ros/jazzy/opt/gz_sim_vendor:/opt/ros/jazzy/opt/gz_sensors_vendor:/opt/ros/jazzy/opt/gz_physics_vendor:/opt/ros/jazzy/opt/sdformat_vendor:/opt/ros/jazzy/opt/gz_gui_vendor:/opt/ros/jazzy/opt/gz_transport_vendor:/opt/ros/jazzy/opt/gz_rendering_vendor:/opt/ros/jazzy/opt/gz_plugin_vendor:/opt/ros/jazzy/opt/gz_fuel_tools_vendor:/opt/ros/jazzy/opt/gz_msgs_vendor:/opt/ros/jazzy/opt/gz_common_vendor:/opt/ros/jazzy/opt/gz_math_vendor:/opt/ros/jazzy/opt/gz_utils_vendor:/opt/ros/jazzy/opt/gz_tools_vendor:/opt/ros/jazzy/opt/gz_ogre_next_vendor:/opt/ros/jazzy/opt/gz_dartsim_vendor:/opt/ros/jazzy/opt/gz_cmake_vendor:/opt/ros/jazzy DEBUGINFOD_URLS=https://debuginfod.ubuntu.com /usr/bin/cmake --build /home/ubuntu/ros2_rviz_urbot/build/custom_cobot_ros2 -- -j16 -l16
[0.921s] Invoking command in '/home/ubuntu/ros2_rviz_urbot/build/custom_cobot_ros2': CMAKE_PREFIX_PATH=/home/ubuntu/ros2_rviz_urbot/install/system_tests_custom_cobot:/home/ubuntu/ros2_rviz_urbot/install/startup_cobot:/home/ubuntu/ros2_rviz_urbot/install/moveit_config_custom_cobot:/home/ubuntu/ros2_rviz_urbot/install/gazebo_custom_cobot:/home/ubuntu/ros2_rviz_urbot/install/description_cobot:/home/ubuntu/ros2_rviz_urbot/install/custom_cobot_ros2:/opt/ros/jazzy/opt/gz_sim_vendor:/opt/ros/jazzy/opt/gz_sensors_vendor:/opt/ros/jazzy/opt/gz_physics_vendor:/opt/ros/jazzy/opt/sdformat_vendor:/opt/ros/jazzy/opt/gz_gui_vendor:/opt/ros/jazzy/opt/gz_transport_vendor:/opt/ros/jazzy/opt/gz_rendering_vendor:/opt/ros/jazzy/opt/gz_plugin_vendor:/opt/ros/jazzy/opt/gz_fuel_tools_vendor:/opt/ros/jazzy/opt/gz_msgs_vendor:/opt/ros/jazzy/opt/gz_common_vendor:/opt/ros/jazzy/opt/gz_math_vendor:/opt/ros/jazzy/opt/gz_utils_vendor:/opt/ros/jazzy/opt/gz_tools_vendor:/opt/ros/jazzy/opt/gz_ogre_next_vendor:/opt/ros/jazzy/opt/gz_dartsim_vendor:/opt/ros/jazzy/opt/gz_cmake_vendor:/opt/ros/jazzy DEBUGINFOD_URLS=https://debuginfod.ubuntu.com /usr/bin/cmake --install /home/ubuntu/ros2_rviz_urbot/build/custom_cobot_ros2
[0.932s] -- Install configuration: ""
[0.932s] -- Installing: /home/ubuntu/ros2_rviz_urbot/install/custom_cobot_ros2/share/ament_index/resource_index/package_run_dependencies/custom_cobot_ros2
[0.932s] -- Installing: /home/ubuntu/ros2_rviz_urbot/install/custom_cobot_ros2/share/ament_index/resource_index/parent_prefix_path/custom_cobot_ros2
[0.932s] -- Installing: /home/ubuntu/ros2_rviz_urbot/install/custom_cobot_ros2/share/custom_cobot_ros2/environment/ament_prefix_path.sh
[0.934s] -- Installing: /home/ubuntu/ros2_rviz_urbot/install/custom_cobot_ros2/share/custom_cobot_ros2/environment/ament_prefix_path.dsv
[0.934s] -- Installing: /home/ubuntu/ros2_rviz_urbot/install/custom_cobot_ros2/share/custom_cobot_ros2/environment/path.sh
[0.934s] -- Installing: /home/ubuntu/ros2_rviz_urbot/install/custom_cobot_ros2/share/custom_cobot_ros2/environment/path.dsv
[0.934s] -- Installing: /home/ubuntu/ros2_rviz_urbot/install/custom_cobot_ros2/share/custom_cobot_ros2/local_setup.bash
[0.936s] -- Installing: /home/ubuntu/ros2_rviz_urbot/install/custom_cobot_ros2/share/custom_cobot_ros2/local_setup.sh
[0.936s] -- Installing: /home/ubuntu/ros2_rviz_urbot/install/custom_cobot_ros2/share/custom_cobot_ros2/local_setup.zsh
[0.936s] -- Installing: /home/ubuntu/ros2_rviz_urbot/install/custom_cobot_ros2/share/custom_cobot_ros2/local_setup.dsv
[0.936s] -- Installing: /home/ubuntu/ros2_rviz_urbot/install/custom_cobot_ros2/share/custom_cobot_ros2/package.dsv
[0.936s] -- Installing: /home/ubuntu/ros2_rviz_urbot/install/custom_cobot_ros2/share/ament_index/resource_index/packages/custom_cobot_ros2
[0.936s] -- Installing: /home/ubuntu/ros2_rviz_urbot/install/custom_cobot_ros2/share/custom_cobot_ros2/cmake/custom_cobot_ros2Config.cmake
[0.936s] -- Installing: /home/ubuntu/ros2_rviz_urbot/install/custom_cobot_ros2/share/custom_cobot_ros2/cmake/custom_cobot_ros2Config-version.cmake
[0.936s] -- Installing: /home/ubuntu/ros2_rviz_urbot/install/custom_cobot_ros2/share/custom_cobot_ros2/package.xml
[0.941s] Invoked command in '/home/ubuntu/ros2_rviz_urbot/build/custom_cobot_ros2' returned '0': CMAKE_PREFIX_PATH=/home/ubuntu/ros2_rviz_urbot/install/system_tests_custom_cobot:/home/ubuntu/ros2_rviz_urbot/install/startup_cobot:/home/ubuntu/ros2_rviz_urbot/install/moveit_config_custom_cobot:/home/ubuntu/ros2_rviz_urbot/install/gazebo_custom_cobot:/home/ubuntu/ros2_rviz_urbot/install/description_cobot:/home/ubuntu/ros2_rviz_urbot/install/custom_cobot_ros2:/opt/ros/jazzy/opt/gz_sim_vendor:/opt/ros/jazzy/opt/gz_sensors_vendor:/opt/ros/jazzy/opt/gz_physics_vendor:/opt/ros/jazzy/opt/sdformat_vendor:/opt/ros/jazzy/opt/gz_gui_vendor:/opt/ros/jazzy/opt/gz_transport_vendor:/opt/ros/jazzy/opt/gz_rendering_vendor:/opt/ros/jazzy/opt/gz_plugin_vendor:/opt/ros/jazzy/opt/gz_fuel_tools_vendor:/opt/ros/jazzy/opt/gz_msgs_vendor:/opt/ros/jazzy/opt/gz_common_vendor:/opt/ros/jazzy/opt/gz_math_vendor:/opt/ros/jazzy/opt/gz_utils_vendor:/opt/ros/jazzy/opt/gz_tools_vendor:/opt/ros/jazzy/opt/gz_ogre_next_vendor:/opt/ros/jazzy/opt/gz_dartsim_vendor:/opt/ros/jazzy/opt/gz_cmake_vendor:/opt/ros/jazzy DEBUGINFOD_URLS=https://debuginfod.ubuntu.com /usr/bin/cmake --install /home/ubuntu/ros2_rviz_urbot/build/custom_cobot_ros2
